This file contains any messages produced by compilers while
running configure, to aid debugging if configure makes a mistake.

It was created by SuperTux configure 0.1.3, which was
generated by GNU Autoconf 2.59.  Invocation command line was

  $ ./configure 

## --------- ##
## Platform. ##
## --------- ##

hostname = lars
uname -m = x86_64
uname -r = 2.6.31-17-generic
uname -s = Linux
uname -v = #54-Ubuntu SMP Thu Dec 10 17:01:44 UTC 2009

/usr/bin/uname -p = unknown
/bin/uname -X     = unknown

/bin/arch              = unknown
/usr/bin/arch -k       = unknown
/usr/convex/getsysinfo = unknown
hostinfo               = unknown
/bin/machine           = unknown
/usr/bin/oslevel       = unknown
/bin/universe          = unknown

PATH: /usr/local/sbin
PATH: /usr/local/bin
PATH: /usr/sbin
PATH: /usr/bin
PATH: /sbin
PATH: /bin
PATH: /usr/games


## ----------- ##
## Core tests. ##
## ----------- ##

configure:1374: checking build system type
configure:1392: result: x86_64-unknown-linux-gnu
configure:1400: checking host system type
configure:1414: result: x86_64-unknown-linux-gnu
configure:1422: checking target system type
configure:1436: result: x86_64-unknown-linux-gnu
configure:1464: checking for a BSD-compatible install
configure:1519: result: /usr/bin/install -c
configure:1530: checking whether build environment is sane
configure:1573: result: yes
configure:1606: checking for gawk
configure:1622: found /usr/bin/gawk
configure:1632: result: gawk
configure:1642: checking whether make sets $(MAKE)
configure:1662: result: yes
configure:1875: checking for gcc
configure:1891: found /usr/bin/gcc
configure:1901: result: gcc
configure:2145: checking for C compiler version
configure:2148: gcc --version </dev/null >&5
gcc (Ubuntu 4.4.1-4ubuntu9) 4.4.1
Copyright (C) 2009 Free Software Foundation, Inc.
This is free software; see the source for copying conditions.  There is NO
warranty; not even for MERCHANTABILITY or FITNESS FOR A PARTICULAR PURPOSE.

configure:2151: $? = 0
configure:2153: gcc -v </dev/null >&5
Using built-in specs.
Target: x86_64-linux-gnu
Configured with: ../src/configure -v --with-pkgversion='Ubuntu 4.4.1-4ubuntu9' --with-bugurl=file:///usr/share/doc/gcc-4.4/README.Bugs --enable-languages=c,c++,fortran,objc,obj-c++ --prefix=/usr --enable-shared --enable-multiarch --enable-linker-build-id --with-system-zlib --libexecdir=/usr/lib --without-included-gettext --enable-threads=posix --with-gxx-include-dir=/usr/include/c++/4.4 --program-suffix=-4.4 --enable-nls --enable-clocale=gnu --enable-libstdcxx-debug --enable-objc-gc --disable-werror --with-arch-32=i486 --with-tune=generic --enable-checking=release --build=x86_64-linux-gnu --host=x86_64-linux-gnu --target=x86_64-linux-gnu
Thread model: posix
gcc version 4.4.1 (Ubuntu 4.4.1-4ubuntu9) 
configure:2156: $? = 0
configure:2158: gcc -V </dev/null >&5
gcc: '-V' option must have argument
configure:2161: $? = 1
configure:2184: checking for C compiler default output file name
configure:2187: gcc    conftest.c  >&5
configure:2190: $? = 0
configure:2236: result: a.out
configure:2241: checking whether the C compiler works
configure:2247: ./a.out
configure:2250: $? = 0
configure:2267: result: yes
configure:2274: checking whether we are cross compiling
configure:2276: result: no
configure:2279: checking for suffix of executables
configure:2281: gcc -o conftest    conftest.c  >&5
configure:2284: $? = 0
configure:2309: result: 
configure:2315: checking for suffix of object files
configure:2336: gcc -c   conftest.c >&5
configure:2339: $? = 0
configure:2361: result: o
configure:2365: checking whether we are using the GNU C compiler
configure:2389: gcc -c   conftest.c >&5
configure:2395: $? = 0
configure:2398: test -z 			 || test ! -s conftest.err
configure:2401: $? = 0
configure:2404: test -s conftest.o
configure:2407: $? = 0
configure:2420: result: yes
configure:2426: checking whether gcc accepts -g
configure:2447: gcc -c -g  conftest.c >&5
configure:2453: $? = 0
configure:2456: test -z 			 || test ! -s conftest.err
configure:2459: $? = 0
configure:2462: test -s conftest.o
configure:2465: $? = 0
configure:2476: result: yes
configure:2493: checking for gcc option to accept ANSI C
configure:2563: gcc  -c -g -O2  conftest.c >&5
configure:2569: $? = 0
configure:2572: test -z 			 || test ! -s conftest.err
configure:2575: $? = 0
configure:2578: test -s conftest.o
configure:2581: $? = 0
configure:2599: result: none needed
configure:2617: gcc -c -g -O2  conftest.c >&5
conftest.c:2: error: expected '=', ',', ';', 'asm' or '__attribute__' before 'me'
configure:2623: $? = 1
configure: failed program was:
| #ifndef __cplusplus
|   choke me
| #endif
configure:2764: checking for style of include used by make
configure:2792: result: GNU
configure:2820: checking dependency style of gcc
configure:2903: result: gcc3
configure:2972: checking for g++
configure:2988: found /usr/bin/g++
configure:2998: result: g++
configure:3014: checking for C++ compiler version
configure:3017: g++ --version </dev/null >&5
g++ (Ubuntu 4.4.1-4ubuntu9) 4.4.1
Copyright (C) 2009 Free Software Foundation, Inc.
This is free software; see the source for copying conditions.  There is NO
warranty; not even for MERCHANTABILITY or FITNESS FOR A PARTICULAR PURPOSE.

configure:3020: $? = 0
configure:3022: g++ -v </dev/null >&5
Using built-in specs.
Target: x86_64-linux-gnu
Configured with: ../src/configure -v --with-pkgversion='Ubuntu 4.4.1-4ubuntu9' --with-bugurl=file:///usr/share/doc/gcc-4.4/README.Bugs --enable-languages=c,c++,fortran,objc,obj-c++ --prefix=/usr --enable-shared --enable-multiarch --enable-linker-build-id --with-system-zlib --libexecdir=/usr/lib --without-included-gettext --enable-threads=posix --with-gxx-include-dir=/usr/include/c++/4.4 --program-suffix=-4.4 --enable-nls --enable-clocale=gnu --enable-libstdcxx-debug --enable-objc-gc --disable-werror --with-arch-32=i486 --with-tune=generic --enable-checking=release --build=x86_64-linux-gnu --host=x86_64-linux-gnu --target=x86_64-linux-gnu
Thread model: posix
gcc version 4.4.1 (Ubuntu 4.4.1-4ubuntu9) 
configure:3025: $? = 0
configure:3027: g++ -V </dev/null >&5
g++: '-V' option must have argument
configure:3030: $? = 1
configure:3033: checking whether we are using the GNU C++ compiler
configure:3057: g++ -c   conftest.cc >&5
configure:3063: $? = 0
configure:3066: test -z 			 || test ! -s conftest.err
configure:3069: $? = 0
configure:3072: test -s conftest.o
configure:3075: $? = 0
configure:3088: result: yes
configure:3094: checking whether g++ accepts -g
configure:3115: g++ -c -g  conftest.cc >&5
configure:3121: $? = 0
configure:3124: test -z 			 || test ! -s conftest.err
configure:3127: $? = 0
configure:3130: test -s conftest.o
configure:3133: $? = 0
configure:3144: result: yes
configure:3186: g++ -c -g -O2  conftest.cc >&5
configure:3192: $? = 0
configure:3195: test -z 			 || test ! -s conftest.err
configure:3198: $? = 0
configure:3201: test -s conftest.o
configure:3204: $? = 0
configure:3230: g++ -c -g -O2  conftest.cc >&5
conftest.cc: In function 'int main()':
conftest.cc:15: error: 'exit' was not declared in this scope
configure:3236: $? = 1
configure: failed program was:
| /* confdefs.h.  */
| 
| #define PACKAGE_NAME "SuperTux"
| #define PACKAGE_TARNAME "supertux"
| #define PACKAGE_VERSION "0.1.3"
| #define PACKAGE_STRING "SuperTux 0.1.3"
| #define PACKAGE_BUGREPORT ""
| #define PACKAGE "supertux"
| #define VERSION "0.1.3"
| /* end confdefs.h.  */
| 
| int
| main ()
| {
| exit (42);
|   ;
|   return 0;
| }
configure:3186: g++ -c -g -O2  conftest.cc >&5
conftest.cc:11: error: 'void std::exit(int)' should have been declared inside 'std'
configure:3192: $? = 1
configure: failed program was:
| /* confdefs.h.  */
| 
| #define PACKAGE_NAME "SuperTux"
| #define PACKAGE_TARNAME "supertux"
| #define PACKAGE_VERSION "0.1.3"
| #define PACKAGE_STRING "SuperTux 0.1.3"
| #define PACKAGE_BUGREPORT ""
| #define PACKAGE "supertux"
| #define VERSION "0.1.3"
| /* end confdefs.h.  */
| extern "C" void std::exit (int) throw (); using std::exit;
| #include <stdlib.h>
| int
| main ()
| {
| exit (42);
|   ;
|   return 0;
| }
configure:3186: g++ -c -g -O2  conftest.cc >&5
conftest.cc:11: error: 'void std::exit(int)' should have been declared inside 'std'
In file included from conftest.cc:12:
/usr/include/stdlib.h:543: error: declaration of 'void std::exit(int) throw ()' throws different exceptions
conftest.cc:11: error: from previous declaration 'void std::exit(int)'
configure:3192: $? = 1
configure: failed program was:
| /* confdefs.h.  */
| 
| #define PACKAGE_NAME "SuperTux"
| #define PACKAGE_TARNAME "supertux"
| #define PACKAGE_VERSION "0.1.3"
| #define PACKAGE_STRING "SuperTux 0.1.3"
| #define PACKAGE_BUGREPORT ""
| #define PACKAGE "supertux"
| #define VERSION "0.1.3"
| /* end confdefs.h.  */
| extern "C" void std::exit (int); using std::exit;
| #include <stdlib.h>
| int
| main ()
| {
| exit (42);
|   ;
|   return 0;
| }
configure:3186: g++ -c -g -O2  conftest.cc >&5
configure:3192: $? = 0
configure:3195: test -z 			 || test ! -s conftest.err
configure:3198: $? = 0
configure:3201: test -s conftest.o
configure:3204: $? = 0
configure:3230: g++ -c -g -O2  conftest.cc >&5
configure:3236: $? = 0
configure:3239: test -z 			 || test ! -s conftest.err
configure:3242: $? = 0
configure:3245: test -s conftest.o
configure:3248: $? = 0
configure:3273: checking dependency style of g++
configure:3356: result: gcc3
configure:3386: checking for a BSD-compatible install
configure:3441: result: /usr/bin/install -c
configure:3462: checking for dirent.h that defines DIR
configure:3486: gcc -c -g -O2  conftest.c >&5
configure:3492: $? = 0
configure:3495: test -z 			 || test ! -s conftest.err
configure:3498: $? = 0
configure:3501: test -s conftest.o
configure:3504: $? = 0
configure:3515: result: yes
configure:3528: checking for library containing opendir
configure:3558: gcc -o conftest -g -O2   conftest.c  >&5
configure:3564: $? = 0
configure:3567: test -z 			 || test ! -s conftest.err
configure:3570: $? = 0
configure:3573: test -s conftest
configure:3576: $? = 0
configure:3645: result: none required
configure:3784: checking how to run the C preprocessor
configure:3819: gcc -E  conftest.c
configure:3825: $? = 0
configure:3857: gcc -E  conftest.c
conftest.c:15:28: error: ac_nonexistent.h: No such file or directory
configure:3863: $? = 1
configure: failed program was:
| /* confdefs.h.  */
| 
| #define PACKAGE_NAME "SuperTux"
| #define PACKAGE_TARNAME "supertux"
| #define PACKAGE_VERSION "0.1.3"
| #define PACKAGE_STRING "SuperTux 0.1.3"
| #define PACKAGE_BUGREPORT ""
| #define PACKAGE "supertux"
| #define VERSION "0.1.3"
| #ifdef __cplusplus
| extern "C" void exit (int) throw ();
| #endif
| #define HAVE_DIRENT_H 1
| /* end confdefs.h.  */
| #include <ac_nonexistent.h>
configure:3902: result: gcc -E
configure:3926: gcc -E  conftest.c
configure:3932: $? = 0
configure:3964: gcc -E  conftest.c
conftest.c:15:28: error: ac_nonexistent.h: No such file or directory
configure:3970: $? = 1
configure: failed program was:
| /* confdefs.h.  */
| 
| #define PACKAGE_NAME "SuperTux"
| #define PACKAGE_TARNAME "supertux"
| #define PACKAGE_VERSION "0.1.3"
| #define PACKAGE_STRING "SuperTux 0.1.3"
| #define PACKAGE_BUGREPORT ""
| #define PACKAGE "supertux"
| #define VERSION "0.1.3"
| #ifdef __cplusplus
| extern "C" void exit (int) throw ();
| #endif
| #define HAVE_DIRENT_H 1
| /* end confdefs.h.  */
| #include <ac_nonexistent.h>
configure:4014: checking for egrep
configure:4024: result: grep -E
configure:4029: checking for ANSI C header files
configure:4054: gcc -c -g -O2  conftest.c >&5
configure:4060: $? = 0
configure:4063: test -z 			 || test ! -s conftest.err
configure:4066: $? = 0
configure:4069: test -s conftest.o
configure:4072: $? = 0
configure:4161: gcc -o conftest -g -O2   conftest.c  >&5
conftest.c: In function 'main':
conftest.c:32: warning: incompatible implicit declaration of built-in function 'exit'
configure:4164: $? = 0
configure:4166: ./conftest
configure:4169: $? = 0
configure:4184: result: yes
configure:4208: checking for sys/types.h
configure:4224: gcc -c -g -O2  conftest.c >&5
configure:4230: $? = 0
configure:4233: test -z 			 || test ! -s conftest.err
configure:4236: $? = 0
configure:4239: test -s conftest.o
configure:4242: $? = 0
configure:4253: result: yes
configure:4208: checking for sys/stat.h
configure:4224: gcc -c -g -O2  conftest.c >&5
configure:4230: $? = 0
configure:4233: test -z 			 || test ! -s conftest.err
configure:4236: $? = 0
configure:4239: test -s conftest.o
configure:4242: $? = 0
configure:4253: result: yes
configure:4208: checking for stdlib.h
configure:4224: gcc -c -g -O2  conftest.c >&5
configure:4230: $? = 0
configure:4233: test -z 			 || test ! -s conftest.err
configure:4236: $? = 0
configure:4239: test -s conftest.o
configure:4242: $? = 0
configure:4253: result: yes
configure:4208: checking for string.h
configure:4224: gcc -c -g -O2  conftest.c >&5
configure:4230: $? = 0
configure:4233: test -z 			 || test ! -s conftest.err
configure:4236: $? = 0
configure:4239: test -s conftest.o
configure:4242: $? = 0
configure:4253: result: yes
configure:4208: checking for memory.h
configure:4224: gcc -c -g -O2  conftest.c >&5
configure:4230: $? = 0
configure:4233: test -z 			 || test ! -s conftest.err
configure:4236: $? = 0
configure:4239: test -s conftest.o
configure:4242: $? = 0
configure:4253: result: yes
configure:4208: checking for strings.h
configure:4224: gcc -c -g -O2  conftest.c >&5
configure:4230: $? = 0
configure:4233: test -z 			 || test ! -s conftest.err
configure:4236: $? = 0
configure:4239: test -s conftest.o
configure:4242: $? = 0
configure:4253: result: yes
configure:4208: checking for inttypes.h
configure:4224: gcc -c -g -O2  conftest.c >&5
configure:4230: $? = 0
configure:4233: test -z 			 || test ! -s conftest.err
configure:4236: $? = 0
configure:4239: test -s conftest.o
configure:4242: $? = 0
configure:4253: result: yes
configure:4208: checking for stdint.h
configure:4224: gcc -c -g -O2  conftest.c >&5
configure:4230: $? = 0
configure:4233: test -z 			 || test ! -s conftest.err
configure:4236: $? = 0
configure:4239: test -s conftest.o
configure:4242: $? = 0
configure:4253: result: yes
configure:4208: checking for unistd.h
configure:4224: gcc -c -g -O2  conftest.c >&5
configure:4230: $? = 0
configure:4233: test -z 			 || test ! -s conftest.err
configure:4236: $? = 0
configure:4239: test -s conftest.o
configure:4242: $? = 0
configure:4253: result: yes
configure:4270: checking for unistd.h
configure:4275: result: yes
configure:4415: checking for an ANSI C-conforming const
configure:4482: gcc -c -g -O2  conftest.c >&5
configure:4488: $? = 0
configure:4491: test -z 			 || test ! -s conftest.err
configure:4494: $? = 0
configure:4497: test -s conftest.o
configure:4500: $? = 0
configure:4511: result: yes
configure:4523: checking for gprof mode
configure:4537: result: disabled
configure:4541: checking for debug mode
configure:4555: result: disabled
configure:4559: checking wether OpenGL should be used
configure:4569: result: yes
configure:4617: checking for sdl-config
configure:4635: found /usr/bin/sdl-config
configure:4648: result: /usr/bin/sdl-config
configure:4656: checking for SDL - version >= 1.2.4
configure:4746: gcc -o conftest -g -O2 -I/usr/include/SDL -D_GNU_SOURCE=1 -D_REENTRANT   conftest.c  -L/usr/lib -lSDL >&5
configure:4749: $? = 0
configure:4751: ./conftest
configure:4754: $? = 0
configure:4772: result: yes
configure:4875: checking for Mix_OpenAudio in -lSDL_mixer
configure:4905: gcc -o conftest -g -O2 -I/usr/include/SDL -D_GNU_SOURCE=1 -D_REENTRANT   conftest.c -lSDL_mixer   -lpthread  -L/usr/lib -lSDL >&5
configure:4911: $? = 0
configure:4914: test -z 			 || test ! -s conftest.err
configure:4917: $? = 0
configure:4920: test -s conftest
configure:4923: $? = 0
configure:4936: result: yes
configure:4953: checking for IMG_Load in -lSDL_image
configure:4983: gcc -o conftest -g -O2 -I/usr/include/SDL -D_GNU_SOURCE=1 -D_REENTRANT   conftest.c -lSDL_image  -lSDL_mixer  -lpthread  -L/usr/lib -lSDL >&5
configure:4989: $? = 0
configure:4992: test -z 			 || test ! -s conftest.err
configure:4995: $? = 0
configure:4998: test -s conftest
configure:5001: $? = 0
configure:5014: result: yes
configure:5031: checking for X
configure:5137: gcc -E  conftest.c
configure:5143: $? = 0
configure:5193: gcc -o conftest -g -O2 -I/usr/include/SDL -D_GNU_SOURCE=1 -D_REENTRANT   conftest.c -lXt -lSDL_image -lSDL_mixer  -lpthread  -L/usr/lib -lSDL >&5
configure:5199: $? = 0
configure:5202: test -z 			 || test ! -s conftest.err
configure:5205: $? = 0
configure:5208: test -s conftest
configure:5211: $? = 0
configure:5265: result: libraries , headers in standard search path
configure:5460: checking for the pthreads library -lpthreads
configure:5498: gcc -o conftest -g -O2 -I/usr/include/SDL -D_GNU_SOURCE=1 -D_REENTRANT    conftest.c -lpthreads -lSDL_image -lSDL_mixer  -lpthread  -L/usr/lib -lSDL >&5
/usr/bin/ld: cannot find -lpthreads
collect2: ld returned 1 exit status
configure:5504: $? = 1
configure: failed program was:
| /* confdefs.h.  */
| 
| #define PACKAGE_NAME "SuperTux"
| #define PACKAGE_TARNAME "supertux"
| #define PACKAGE_VERSION "0.1.3"
| #define PACKAGE_STRING "SuperTux 0.1.3"
| #define PACKAGE_BUGREPORT ""
| #define PACKAGE "supertux"
| #define VERSION "0.1.3"
| #ifdef __cplusplus
| extern "C" void exit (int) throw ();
| #endif
| #define HAVE_DIRENT_H 1
| #define STDC_HEADERS 1
| #define HAVE_SYS_TYPES_H 1
| #define HAVE_SYS_STAT_H 1
| #define HAVE_STDLIB_H 1
| #define HAVE_STRING_H 1
| #define HAVE_MEMORY_H 1
| #define HAVE_STRINGS_H 1
| #define HAVE_INTTYPES_H 1
| #define HAVE_STDINT_H 1
| #define HAVE_UNISTD_H 1
| #define HAVE_UNISTD_H 1
| #define HAVE_LIBSDL_MIXER 1
| #define HAVE_LIBSDL_IMAGE 1
| /* end confdefs.h.  */
| #include <pthread.h>
| int
| main ()
| {
| pthread_t th; pthread_join(th, 0);
|                      pthread_attr_init(0); pthread_cleanup_push(0, 0);
|                      pthread_create(0,0,0,0); pthread_cleanup_pop(0);
|   ;
|   return 0;
| }
configure:5530: result: no
configure:5407: checking whether pthreads work without any flags
configure:5498: gcc -o conftest -g -O2 -I/usr/include/SDL -D_GNU_SOURCE=1 -D_REENTRANT    conftest.c  -lSDL_image -lSDL_mixer  -lpthread  -L/usr/lib -lSDL >&5
configure:5504: $? = 0
configure:5507: test -z 			 || test ! -s conftest.err
configure:5510: $? = 0
configure:5513: test -s conftest
configure:5516: $? = 0
configure:5530: result: yes
configure:5550: checking for joinable pthread attribute
configure:5568: gcc -o conftest -g -O2 -I/usr/include/SDL -D_GNU_SOURCE=1 -D_REENTRANT    conftest.c  -lSDL_image -lSDL_mixer  -lpthread  -L/usr/lib -lSDL >&5
configure:5574: $? = 0
configure:5577: test -z 			 || test ! -s conftest.err
configure:5580: $? = 0
configure:5583: test -s conftest
configure:5586: $? = 0
configure:5651: result: PTHREAD_CREATE_JOINABLE
configure:5658: checking if more special flags are required for pthreads
configure:5665: result: no
configure:5677: checking for cc_r
configure:5704: result: gcc
configure:5795: checking windows.h usability
configure:5807: gcc -c -g -O2 -I/usr/include/SDL -D_GNU_SOURCE=1 -D_REENTRANT  conftest.c >&5
conftest.c:63:21: error: windows.h: No such file or directory
configure:5813: $? = 1
configure: failed program was:
| /* confdefs.h.  */
| 
| #define PACKAGE_NAME "SuperTux"
| #define PACKAGE_TARNAME "supertux"
| #define PACKAGE_VERSION "0.1.3"
| #define PACKAGE_STRING "SuperTux 0.1.3"
| #define PACKAGE_BUGREPORT ""
| #define PACKAGE "supertux"
| #define VERSION "0.1.3"
| #ifdef __cplusplus
| extern "C" void exit (int) throw ();
| #endif
| #define HAVE_DIRENT_H 1
| #define STDC_HEADERS 1
| #define HAVE_SYS_TYPES_H 1
| #define HAVE_SYS_STAT_H 1
| #define HAVE_STDLIB_H 1
| #define HAVE_STRING_H 1
| #define HAVE_MEMORY_H 1
| #define HAVE_STRINGS_H 1
| #define HAVE_INTTYPES_H 1
| #define HAVE_STDINT_H 1
| #define HAVE_UNISTD_H 1
| #define HAVE_UNISTD_H 1
| #define HAVE_LIBSDL_MIXER 1
| #define HAVE_LIBSDL_IMAGE 1
| #define HAVE_PTHREAD 1
| /* end confdefs.h.  */
| #include <stdio.h>
| #if HAVE_SYS_TYPES_H
| # include <sys/types.h>
| #endif
| #if HAVE_SYS_STAT_H
| # include <sys/stat.h>
| #endif
| #if STDC_HEADERS
| # include <stdlib.h>
| # include <stddef.h>
| #else
| # if HAVE_STDLIB_H
| #  include <stdlib.h>
| # endif
| #endif
| #if HAVE_STRING_H
| # if !STDC_HEADERS && HAVE_MEMORY_H
| #  include <memory.h>
| # endif
| # include <string.h>
| #endif
| #if HAVE_STRINGS_H
| # include <strings.h>
| #endif
| #if HAVE_INTTYPES_H
| # include <inttypes.h>
| #else
| # if HAVE_STDINT_H
| #  include <stdint.h>
| # endif
| #endif
| #if HAVE_UNISTD_H
| # include <unistd.h>
| #endif
| #include <windows.h>
configure:5835: result: no
configure:5839: checking windows.h presence
configure:5849: gcc -E  conftest.c
conftest.c:29:21: error: windows.h: No such file or directory
configure:5855: $? = 1
configure: failed program was:
| /* confdefs.h.  */
| 
| #define PACKAGE_NAME "SuperTux"
| #define PACKAGE_TARNAME "supertux"
| #define PACKAGE_VERSION "0.1.3"
| #define PACKAGE_STRING "SuperTux 0.1.3"
| #define PACKAGE_BUGREPORT ""
| #define PACKAGE "supertux"
| #define VERSION "0.1.3"
| #ifdef __cplusplus
| extern "C" void exit (int) throw ();
| #endif
| #define HAVE_DIRENT_H 1
| #define STDC_HEADERS 1
| #define HAVE_SYS_TYPES_H 1
| #define HAVE_SYS_STAT_H 1
| #define HAVE_STDLIB_H 1
| #define HAVE_STRING_H 1
| #define HAVE_MEMORY_H 1
| #define HAVE_STRINGS_H 1
| #define HAVE_INTTYPES_H 1
| #define HAVE_STDINT_H 1
| #define HAVE_UNISTD_H 1
| #define HAVE_UNISTD_H 1
| #define HAVE_LIBSDL_MIXER 1
| #define HAVE_LIBSDL_IMAGE 1
| #define HAVE_PTHREAD 1
| /* end confdefs.h.  */
| #include <windows.h>
configure:5875: result: no
configure:5910: checking for windows.h
configure:5917: result: no
configure:5931: checking for OpenGL library
configure:5970: gcc -o conftest -g -O2 -I/usr/include/SDL -D_GNU_SOURCE=1 -D_REENTRANT    conftest.c -lopengl32  -lm -lSDL_image -lSDL_mixer  -lpthread  -L/usr/lib -lSDL >&5
/usr/bin/ld: cannot find -lopengl32
collect2: ld returned 1 exit status
configure:5976: $? = 1
configure: failed program was:
| /* confdefs.h.  */
| 
| #define PACKAGE_NAME "SuperTux"
| #define PACKAGE_TARNAME "supertux"
| #define PACKAGE_VERSION "0.1.3"
| #define PACKAGE_STRING "SuperTux 0.1.3"
| #define PACKAGE_BUGREPORT ""
| #define PACKAGE "supertux"
| #define VERSION "0.1.3"
| #ifdef __cplusplus
| extern "C" void exit (int) throw ();
| #endif
| #define HAVE_DIRENT_H 1
| #define STDC_HEADERS 1
| #define HAVE_SYS_TYPES_H 1
| #define HAVE_SYS_STAT_H 1
| #define HAVE_STDLIB_H 1
| #define HAVE_STRING_H 1
| #define HAVE_MEMORY_H 1
| #define HAVE_STRINGS_H 1
| #define HAVE_INTTYPES_H 1
| #define HAVE_STDINT_H 1
| #define HAVE_UNISTD_H 1
| #define HAVE_UNISTD_H 1
| #define HAVE_LIBSDL_MIXER 1
| #define HAVE_LIBSDL_IMAGE 1
| #define HAVE_PTHREAD 1
| /* end confdefs.h.  */
| 
| # if HAVE_WINDOWS_H && defined(_WIN32)
| #   include <windows.h>
| # endif
| # include <GL/gl.h>
| 
| int
| main ()
| {
| glBegin(0)
|   ;
|   return 0;
| }
configure:5970: gcc -o conftest -g -O2 -I/usr/include/SDL -D_GNU_SOURCE=1 -D_REENTRANT    conftest.c -lGL  -lm -lSDL_image -lSDL_mixer  -lpthread  -L/usr/lib -lSDL >&5
configure:5976: $? = 0
configure:5979: test -z 			 || test ! -s conftest.err
configure:5982: $? = 0
configure:5985: test -s conftest
configure:5988: $? = 0
configure:6002: result: -lGL
configure:6034: checking for gzopen in -lz
configure:6064: gcc -o conftest -g -O2 -I/usr/include/SDL -D_GNU_SOURCE=1 -D_REENTRANT    conftest.c -lz  -lSDL_image -lSDL_mixer  -lpthread  -L/usr/lib -lSDL -lGL  -lm >&5
configure:6070: $? = 0
configure:6073: test -z 			 || test ! -s conftest.err
configure:6076: $? = 0
configure:6079: test -s conftest
configure:6082: $? = 0
configure:6095: result: yes
configure:6119: checking for mkdir
configure:6176: gcc -o conftest -g -O2 -I/usr/include/SDL -D_GNU_SOURCE=1 -D_REENTRANT    conftest.c -lz -lSDL_image -lSDL_mixer  -lpthread  -L/usr/lib -lSDL -lGL  -lm >&5
configure:6182: $? = 0
configure:6185: test -z 			 || test ! -s conftest.err
configure:6188: $? = 0
configure:6191: test -s conftest
configure:6194: $? = 0
configure:6206: result: yes
configure:6119: checking for strdup
configure:6176: gcc -o conftest -g -O2 -I/usr/include/SDL -D_GNU_SOURCE=1 -D_REENTRANT    conftest.c -lz -lSDL_image -lSDL_mixer  -lpthread  -L/usr/lib -lSDL -lGL  -lm >&5
conftest.c:55: warning: conflicting types for built-in function 'strdup'
configure:6182: $? = 0
configure:6185: test -z 			 || test ! -s conftest.err
configure:6188: $? = 0
configure:6191: test -s conftest
configure:6194: $? = 0
configure:6206: result: yes
configure:6119: checking for strstr
configure:6176: gcc -o conftest -g -O2 -I/usr/include/SDL -D_GNU_SOURCE=1 -D_REENTRANT    conftest.c -lz -lSDL_image -lSDL_mixer  -lpthread  -L/usr/lib -lSDL -lGL  -lm >&5
conftest.c:56: warning: conflicting types for built-in function 'strstr'
configure:6182: $? = 0
configure:6185: test -z 			 || test ! -s conftest.err
configure:6188: $? = 0
configure:6191: test -s conftest
configure:6194: $? = 0
configure:6206: result: yes
configure:6365: creating ./config.status

## ---------------------- ##
## Running config.status. ##
## ---------------------- ##

This file was extended by SuperTux config.status 0.1.3, which was
generated by GNU Autoconf 2.59.  Invocation command line was

  CONFIG_FILES    = 
  CONFIG_HEADERS  = 
  CONFIG_LINKS    = 
  CONFIG_COMMANDS = 
  $ ./config.status 

on lars

config.status:746: creating Makefile
config.status:746: creating src/Makefile
config.status:746: creating data/Makefile
config.status:891: executing depfiles commands

## ---------------- ##
## Cache variables. ##
## ---------------- ##

ac_cv_build=x86_64-unknown-linux-gnu
ac_cv_build_alias=x86_64-unknown-linux-gnu
ac_cv_c_compiler_gnu=yes
ac_cv_c_const=yes
ac_cv_cxx_compiler_gnu=yes
ac_cv_env_CC_set=
ac_cv_env_CC_value=
ac_cv_env_CFLAGS_set=
ac_cv_env_CFLAGS_value=
ac_cv_env_CPPFLAGS_set=
ac_cv_env_CPPFLAGS_value=
ac_cv_env_CPP_set=
ac_cv_env_CPP_value=
ac_cv_env_CXXFLAGS_set=
ac_cv_env_CXXFLAGS_value=
ac_cv_env_CXX_set=
ac_cv_env_CXX_value=
ac_cv_env_LDFLAGS_set=
ac_cv_env_LDFLAGS_value=
ac_cv_env_build_alias_set=
ac_cv_env_build_alias_value=
ac_cv_env_host_alias_set=
ac_cv_env_host_alias_value=
ac_cv_env_target_alias_set=
ac_cv_env_target_alias_value=
ac_cv_exeext=
ac_cv_func_mkdir=yes
ac_cv_func_strdup=yes
ac_cv_func_strstr=yes
ac_cv_have_x='have_x=yes 		ac_x_includes= ac_x_libraries='
ac_cv_header_dirent_dirent_h=yes
ac_cv_header_inttypes_h=yes
ac_cv_header_memory_h=yes
ac_cv_header_stdc=yes
ac_cv_header_stdint_h=yes
ac_cv_header_stdlib_h=yes
ac_cv_header_string_h=yes
ac_cv_header_strings_h=yes
ac_cv_header_sys_stat_h=yes
ac_cv_header_sys_types_h=yes
ac_cv_header_unistd_h=yes
ac_cv_header_windows_h=no
ac_cv_host=x86_64-unknown-linux-gnu
ac_cv_host_alias=x86_64-unknown-linux-gnu
ac_cv_lib_SDL_image_IMG_Load=yes
ac_cv_lib_SDL_mixer_Mix_OpenAudio=yes
ac_cv_lib_z_gzopen=yes
ac_cv_objext=o
ac_cv_path_SDL_CONFIG=/usr/bin/sdl-config
ac_cv_path_install='/usr/bin/install -c'
ac_cv_prog_AWK=gawk
ac_cv_prog_CPP='gcc -E'
ac_cv_prog_PTHREAD_CC=gcc
ac_cv_prog_ac_ct_CC=gcc
ac_cv_prog_ac_ct_CXX=g++
ac_cv_prog_cc_g=yes
ac_cv_prog_cc_stdc=
ac_cv_prog_cxx_g=yes
ac_cv_prog_egrep='grep -E'
ac_cv_prog_make_make_set=yes
ac_cv_search_opendir='none required'
ac_cv_target=x86_64-unknown-linux-gnu
ac_cv_target_alias=x86_64-unknown-linux-gnu
am_cv_CC_dependencies_compiler_type=gcc3
am_cv_CXX_dependencies_compiler_type=gcc3
ax_cv_check_gl_libgl=-lGL

## ----------------- ##
## Output variables. ##
## ----------------- ##

ACLOCAL='${SHELL} /home/lars/Projekte/supertux-0.1.3/missing --run aclocal-1.7'
AMDEPBACKSLASH='\'
AMDEP_FALSE='#'
AMDEP_TRUE=''
AMTAR='${SHELL} /home/lars/Projekte/supertux-0.1.3/missing --run tar'
AUTOCONF='${SHELL} /home/lars/Projekte/supertux-0.1.3/missing --run autoconf'
AUTOHEADER='${SHELL} /home/lars/Projekte/supertux-0.1.3/missing --run autoheader'
AUTOMAKE='${SHELL} /home/lars/Projekte/supertux-0.1.3/missing --run automake-1.7'
AWK='gawk'
CC='gcc'
CCDEPMODE='depmode=gcc3'
CFLAGS='-g -O2 -I/usr/include/SDL -D_GNU_SOURCE=1 -D_REENTRANT '
CPP='gcc -E'
CPPFLAGS=''
CXX='g++'
CXXDEPMODE='depmode=gcc3'
CXXFLAGS='-g -O2 -I/usr/include/SDL -D_GNU_SOURCE=1 -D_REENTRANT  -DDATA_PREFIX='"${prefix}/share/supertux"''
CYGPATH_W='echo'
DEFS='-DPACKAGE_NAME=\"SuperTux\" -DPACKAGE_TARNAME=\"supertux\" -DPACKAGE_VERSION=\"0.1.3\" -DPACKAGE_STRING=\"SuperTux\ 0.1.3\" -DPACKAGE_BUGREPORT=\"\" -DPACKAGE=\"supertux\" -DVERSION=\"0.1.3\" -DHAVE_DIRENT_H=1 -DSTDC_HEADERS=1 -DHAVE_SYS_TYPES_H=1 -DHAVE_SYS_STAT_H=1 -DHAVE_STDLIB_H=1 -DHAVE_STRING_H=1 -DHAVE_MEMORY_H=1 -DHAVE_STRINGS_H=1 -DHAVE_INTTYPES_H=1 -DHAVE_STDINT_H=1 -DHAVE_UNISTD_H=1 -DHAVE_UNISTD_H=1 -DHAVE_LIBSDL_MIXER=1 -DHAVE_LIBSDL_IMAGE=1 -DHAVE_PTHREAD=1 -DHAVE_LIBZ=1 -DHAVE_MKDIR=1 -DHAVE_STRDUP=1 -DHAVE_STRSTR=1 '
DEPDIR='.deps'
ECHO_C=''
ECHO_N='-n'
ECHO_T=''
EGREP='grep -E'
EXEEXT=''
GL_CFLAGS=''
GL_LIBS='-lGL  -lm'
INSTALL_DATA='${INSTALL} -m 644'
INSTALL_PROGRAM='${INSTALL}'
INSTALL_SCRIPT='${INSTALL}'
INSTALL_STRIP_PROGRAM='${SHELL} $(install_sh) -c -s'
LDFLAGS=''
LIBOBJS=''
LIBS='-lz -lSDL_image -lSDL_mixer  -lpthread  -L/usr/lib -lSDL -lGL  -lm'
LTLIBOBJS=''
MAKEINFO='${SHELL} /home/lars/Projekte/supertux-0.1.3/missing --run makeinfo'
OBJEXT='o'
PACKAGE='supertux'
PACKAGE_BUGREPORT=''
PACKAGE_NAME='SuperTux'
PACKAGE_STRING='SuperTux 0.1.3'
PACKAGE_TARNAME='supertux'
PACKAGE_VERSION='0.1.3'
PATH_SEPARATOR=':'
PTHREAD_CC='gcc'
PTHREAD_CFLAGS=''
PTHREAD_LIBS=''
SDL_CFLAGS='-I/usr/include/SDL -D_GNU_SOURCE=1 -D_REENTRANT'
SDL_CONFIG='/usr/bin/sdl-config'
SDL_LIBS='-L/usr/lib -lSDL'
SET_MAKE=''
SHELL='/bin/bash'
STRIP=''
VERSION='0.1.3'
ac_ct_CC='gcc'
ac_ct_CXX='g++'
ac_ct_STRIP=''
acx_pthread_config=''
am__fastdepCC_FALSE='#'
am__fastdepCC_TRUE=''
am__fastdepCXX_FALSE='#'
am__fastdepCXX_TRUE=''
am__include='include'
am__leading_dot='.'
am__quote=''
bindir='${exec_prefix}/bin'
build='x86_64-unknown-linux-gnu'
build_alias=''
build_cpu='x86_64'
build_os='linux-gnu'
build_vendor='unknown'
datadir='${prefix}/share'
exec_prefix='${prefix}'
host='x86_64-unknown-linux-gnu'
host_alias=''
host_cpu='x86_64'
host_os='linux-gnu'
host_vendor='unknown'
includedir='${prefix}/include'
infodir='${prefix}/info'
install_sh='/home/lars/Projekte/supertux-0.1.3/install-sh'
libdir='${exec_prefix}/lib'
libexecdir='${exec_prefix}/libexec'
localstatedir='${prefix}/var'
mandir='${prefix}/man'
oldincludedir='/usr/include'
prefix='/usr/local'
program_transform_name='s,x,x,'
sbindir='${exec_prefix}/sbin'
sharedstatedir='${prefix}/com'
sysconfdir='${prefix}/etc'
target='x86_64-unknown-linux-gnu'
target_alias=''
target_cpu='x86_64'
target_os='linux-gnu'
target_vendor='unknown'

## ----------- ##
## confdefs.h. ##
## ----------- ##

#define HAVE_DIRENT_H 1
#define HAVE_INTTYPES_H 1
#define HAVE_LIBSDL_IMAGE 1
#define HAVE_LIBSDL_MIXER 1
#define HAVE_LIBZ 1
#define HAVE_MEMORY_H 1
#define HAVE_MKDIR 1
#define HAVE_PTHREAD 1
#define HAVE_STDINT_H 1
#define HAVE_STDLIB_H 1
#define HAVE_STRDUP 1
#define HAVE_STRINGS_H 1
#define HAVE_STRING_H 1
#define HAVE_STRSTR 1
#define HAVE_SYS_STAT_H 1
#define HAVE_SYS_TYPES_H 1
#define HAVE_UNISTD_H 1
#define HAVE_UNISTD_H 1
#define PACKAGE "supertux"
#define PACKAGE_BUGREPORT ""
#define PACKAGE_NAME "SuperTux"
#define PACKAGE_STRING "SuperTux 0.1.3"
#define PACKAGE_TARNAME "supertux"
#define PACKAGE_VERSION "0.1.3"
#define STDC_HEADERS 1
#define VERSION "0.1.3"
#endif
#ifdef __cplusplus
extern "C" void exit (int) throw ();

configure: exit 0
