\BOOKMARK [0][-]{chapter.1}{\376\377\000C\000l\000a\000s\000s\000\040\000I\000n\000d\000e\000x}{}
\BOOKMARK [1][-]{section.1.1}{\376\377\000C\000l\000a\000s\000s\000\040\000H\000i\000e\000r\000a\000r\000c\000h\000y}{chapter.1}
\BOOKMARK [0][-]{chapter.2}{\376\377\000C\000l\000a\000s\000s\000\040\000I\000n\000d\000e\000x}{}
\BOOKMARK [1][-]{section.2.1}{\376\377\000C\000l\000a\000s\000s\000\040\000L\000i\000s\000t}{chapter.2}
\BOOKMARK [0][-]{chapter.3}{\376\377\000C\000l\000a\000s\000s\000\040\000D\000o\000c\000u\000m\000e\000n\000t\000a\000t\000i\000o\000n}{}
\BOOKMARK [1][-]{section.3.1}{\376\377\000C\000l\000a\000s\000s\000i\000f\000i\000c\000a\000t\000i\000o\000n\000T\000u\000x\000\040\000C\000l\000a\000s\000s\000\040\000R\000e\000f\000e\000r\000e\000n\000c\000e}{chapter.3}
\BOOKMARK [2][-]{subsection.3.1.1}{\376\377\000D\000e\000t\000a\000i\000l\000e\000d\000\040\000D\000e\000s\000c\000r\000i\000p\000t\000i\000o\000n}{section.3.1}
\BOOKMARK [2][-]{subsection.3.1.2}{\376\377\000C\000o\000n\000s\000t\000r\000u\000c\000t\000o\000r\000\040\000\046\000\040\000D\000e\000s\000t\000r\000u\000c\000t\000o\000r\000\040\000D\000o\000c\000u\000m\000e\000n\000t\000a\000t\000i\000o\000n}{section.3.1}
\BOOKMARK [3][-]{subsubsection.3.1.2.1}{\376\377\000C\000l\000a\000s\000s\000i\000f\000i\000c\000a\000t\000i\000o\000n\000T\000u\000x}{subsection.3.1.2}
\BOOKMARK [3][-]{subsubsection.3.1.2.2}{\376\377\000C\000l\000a\000s\000s\000i\000f\000i\000c\000a\000t\000i\000o\000n\000T\000u\000x}{subsection.3.1.2}
\BOOKMARK [2][-]{subsection.3.1.3}{\376\377\000M\000e\000m\000b\000e\000r\000\040\000F\000u\000n\000c\000t\000i\000o\000n\000\040\000D\000o\000c\000u\000m\000e\000n\000t\000a\000t\000i\000o\000n}{section.3.1}
\BOOKMARK [3][-]{subsubsection.3.1.3.1}{\376\377\000t\000h\000r\000e\000a\000d\000M\000e\000t\000h\000o\000d}{subsection.3.1.3}
\BOOKMARK [1][-]{section.3.2}{\376\377\000C\000l\000o\000u\000d\000\040\000S\000t\000r\000u\000c\000t\000\040\000R\000e\000f\000e\000r\000e\000n\000c\000e}{chapter.3}
\BOOKMARK [2][-]{subsection.3.2.1}{\376\377\000D\000e\000t\000a\000i\000l\000e\000d\000\040\000D\000e\000s\000c\000r\000i\000p\000t\000i\000o\000n}{section.3.2}
\BOOKMARK [1][-]{section.3.3}{\376\377\000C\000o\000n\000f\000i\000g\000u\000r\000a\000t\000i\000o\000n\000\040\000C\000l\000a\000s\000s\000\040\000R\000e\000f\000e\000r\000e\000n\000c\000e}{chapter.3}
\BOOKMARK [2][-]{subsection.3.3.1}{\376\377\000D\000e\000t\000a\000i\000l\000e\000d\000\040\000D\000e\000s\000c\000r\000i\000p\000t\000i\000o\000n}{section.3.3}
\BOOKMARK [2][-]{subsection.3.3.2}{\376\377\000C\000o\000n\000s\000t\000r\000u\000c\000t\000o\000r\000\040\000\046\000\040\000D\000e\000s\000t\000r\000u\000c\000t\000o\000r\000\040\000D\000o\000c\000u\000m\000e\000n\000t\000a\000t\000i\000o\000n}{section.3.3}
\BOOKMARK [3][-]{subsubsection.3.3.2.1}{\376\377\000C\000o\000n\000f\000i\000g\000u\000r\000a\000t\000i\000o\000n}{subsection.3.3.2}
\BOOKMARK [2][-]{subsection.3.3.3}{\376\377\000M\000e\000m\000b\000e\000r\000\040\000F\000u\000n\000c\000t\000i\000o\000n\000\040\000D\000o\000c\000u\000m\000e\000n\000t\000a\000t\000i\000o\000n}{section.3.3}
\BOOKMARK [3][-]{subsubsection.3.3.3.1}{\376\377\000c\000l\000e\000a\000r}{subsection.3.3.3}
\BOOKMARK [3][-]{subsubsection.3.3.3.2}{\376\377\000g\000e\000t\000F\000i\000l\000e\000n\000a\000m\000e}{subsection.3.3.3}
\BOOKMARK [3][-]{subsubsection.3.3.3.3}{\376\377\000g\000e\000t\000I\000S\000V\000e\000c}{subsection.3.3.3}
\BOOKMARK [3][-]{subsubsection.3.3.3.4}{\376\377\000p\000r\000i\000n\000t}{subsection.3.3.3}
\BOOKMARK [1][-]{section.3.4}{\376\377\000C\000o\000n\000t\000r\000o\000l\000E\000v\000e\000n\000t\000\040\000S\000t\000r\000u\000c\000t\000\040\000R\000e\000f\000e\000r\000e\000n\000c\000e}{chapter.3}
\BOOKMARK [1][-]{section.3.5}{\376\377\000D\000a\000t\000a\000S\000t\000r\000i\000n\000g\000s\000\040\000C\000l\000a\000s\000s\000\040\000R\000e\000f\000e\000r\000e\000n\000c\000e}{chapter.3}
\BOOKMARK [2][-]{subsection.3.5.1}{\376\377\000M\000e\000m\000b\000e\000r\000\040\000F\000u\000n\000c\000t\000i\000o\000n\000\040\000D\000o\000c\000u\000m\000e\000n\000t\000a\000t\000i\000o\000n}{section.3.5}
\BOOKMARK [3][-]{subsubsection.3.5.1.1}{\376\377\000d\000e\000c\000o\000d\000e}{subsection.3.5.1}
\BOOKMARK [3][-]{subsubsection.3.5.1.2}{\376\377\000d\000e\000c\000o\000d\000e\000B\000y\000t\000e}{subsection.3.5.1}
\BOOKMARK [3][-]{subsubsection.3.5.1.3}{\376\377\000d\000e\000c\000o\000d\000e\000F\000l\000o\000a\000t}{subsection.3.5.1}
\BOOKMARK [3][-]{subsubsection.3.5.1.4}{\376\377\000d\000e\000c\000o\000d\000e\000L\000i\000m\000b\000P\000o\000s}{subsection.3.5.1}
\BOOKMARK [3][-]{subsubsection.3.5.1.5}{\376\377\000d\000e\000c\000o\000d\000e\000W\000o\000r\000d}{subsection.3.5.1}
\BOOKMARK [3][-]{subsubsection.3.5.1.6}{\376\377\000e\000n\000c\000o\000d\000e}{subsection.3.5.1}
\BOOKMARK [3][-]{subsubsection.3.5.1.7}{\376\377\000e\000n\000c\000o\000d\000e\000B\000y\000t\000e}{subsection.3.5.1}
\BOOKMARK [3][-]{subsubsection.3.5.1.8}{\376\377\000e\000n\000c\000o\000d\000e\000F\000l\000o\000a\000t}{subsection.3.5.1}
\BOOKMARK [3][-]{subsubsection.3.5.1.9}{\376\377\000e\000n\000c\000o\000d\000e\000L\000i\000m\000b\000P\000o\000s}{subsection.3.5.1}
\BOOKMARK [3][-]{subsubsection.3.5.1.10}{\376\377\000e\000n\000c\000o\000d\000e\000W\000o\000r\000d}{subsection.3.5.1}
\BOOKMARK [3][-]{subsubsection.3.5.1.11}{\376\377\000g\000e\000t\000B\000y\000t\000e}{subsection.3.5.1}
\BOOKMARK [3][-]{subsubsection.3.5.1.12}{\376\377\000g\000e\000t\000B\000y\000t\000e\000s}{subsection.3.5.1}
\BOOKMARK [3][-]{subsubsection.3.5.1.13}{\376\377\000g\000e\000t\000D\000a\000t\000a}{subsection.3.5.1}
\BOOKMARK [3][-]{subsubsection.3.5.1.14}{\376\377\000g\000e\000t\000D\000a\000t\000a\000S\000t\000r\000i\000n\000g}{subsection.3.5.1}
\BOOKMARK [3][-]{subsubsection.3.5.1.15}{\376\377\000g\000e\000t\000D\000a\000t\000a\000S\000t\000r\000i\000n\000g}{subsection.3.5.1}
\BOOKMARK [3][-]{subsubsection.3.5.1.16}{\376\377\000g\000e\000t\000D\000a\000t\000a\000S\000t\000r\000i\000n\000g}{subsection.3.5.1}
\BOOKMARK [3][-]{subsubsection.3.5.1.17}{\376\377\000g\000e\000t\000N\000i\000b\000b\000l\000e\000s}{subsection.3.5.1}
\BOOKMARK [3][-]{subsubsection.3.5.1.18}{\376\377\000g\000e\000t\000W\000o\000r\000d}{subsection.3.5.1}
\BOOKMARK [3][-]{subsubsection.3.5.1.19}{\376\377\000r\000o\000g\000g\000e\000n\000D\000e\000c\000o\000d\000e}{subsection.3.5.1}
\BOOKMARK [3][-]{subsubsection.3.5.1.20}{\376\377\000r\000o\000g\000g\000e\000n\000E\000n\000c\000o\000d\000e}{subsection.3.5.1}
\BOOKMARK [1][-]{section.3.6}{\376\377\000D\000e\000f\000i\000n\000e\000s\000\040\000C\000l\000a\000s\000s\000\040\000R\000e\000f\000e\000r\000e\000n\000c\000e}{chapter.3}
\BOOKMARK [2][-]{subsection.3.6.1}{\376\377\000D\000e\000t\000a\000i\000l\000e\000d\000\040\000D\000e\000s\000c\000r\000i\000p\000t\000i\000o\000n}{section.3.6}
\BOOKMARK [1][-]{section.3.7}{\376\377\000E\000u\000l\000e\000r\000R\000o\000t\000a\000t\000i\000o\000n\000\040\000S\000t\000r\000u\000c\000t\000\040\000R\000e\000f\000e\000r\000e\000n\000c\000e}{chapter.3}
\BOOKMARK [1][-]{section.3.8}{\376\377\000F\000e\000a\000t\000u\000r\000e\000S\000a\000m\000p\000l\000e\000\040\000S\000t\000r\000u\000c\000t\000\040\000R\000e\000f\000e\000r\000e\000n\000c\000e}{chapter.3}
\BOOKMARK [1][-]{section.3.9}{\376\377\000F\000l\000o\000a\000t\000D\000a\000t\000a\000\040\000S\000t\000r\000u\000c\000t\000\040\000R\000e\000f\000e\000r\000e\000n\000c\000e}{chapter.3}
\BOOKMARK [1][-]{section.3.10}{\376\377\000F\000l\000o\000a\000t\000S\000t\000r\000u\000c\000t\000\040\000S\000t\000r\000u\000c\000t\000\040\000R\000e\000f\000e\000r\000e\000n\000c\000e}{chapter.3}
\BOOKMARK [1][-]{section.3.11}{\376\377\000F\000r\000a\000m\000e\000P\000a\000r\000s\000e\000r\0002\000\040\000C\000l\000a\000s\000s\000\040\000R\000e\000f\000e\000r\000e\000n\000c\000e}{chapter.3}
\BOOKMARK [1][-]{section.3.12}{\376\377\000G\000e\000s\000t\000u\000r\000e\000M\000a\000n\000a\000g\000e\000m\000e\000n\000t\000\040\000C\000l\000a\000s\000s\000\040\000R\000e\000f\000e\000r\000e\000n\000c\000e}{chapter.3}
\BOOKMARK [2][-]{subsection.3.12.1}{\376\377\000C\000o\000n\000s\000t\000r\000u\000c\000t\000o\000r\000\040\000\046\000\040\000D\000e\000s\000t\000r\000u\000c\000t\000o\000r\000\040\000D\000o\000c\000u\000m\000e\000n\000t\000a\000t\000i\000o\000n}{section.3.12}
\BOOKMARK [3][-]{subsubsection.3.12.1.1}{\376\377\000G\000e\000s\000t\000u\000r\000e\000M\000a\000n\000a\000g\000e\000m\000e\000n\000t}{subsection.3.12.1}
\BOOKMARK [3][-]{subsubsection.3.12.1.2}{\376\377\000G\000e\000s\000t\000u\000r\000e\000M\000a\000n\000a\000g\000e\000m\000e\000n\000t}{subsection.3.12.1}
\BOOKMARK [2][-]{subsection.3.12.2}{\376\377\000M\000e\000m\000b\000e\000r\000\040\000F\000u\000n\000c\000t\000i\000o\000n\000\040\000D\000o\000c\000u\000m\000e\000n\000t\000a\000t\000i\000o\000n}{section.3.12}
\BOOKMARK [3][-]{subsubsection.3.12.2.1}{\376\377\000b\000u\000f\000f\000e\000r\000F\000u\000l\000l}{subsection.3.12.2}
\BOOKMARK [3][-]{subsubsection.3.12.2.2}{\376\377\000b\000u\000f\000f\000e\000r\000F\000u\000l\000l}{subsection.3.12.2}
\BOOKMARK [3][-]{subsubsection.3.12.2.3}{\376\377\000c\000h\000e\000c\000k\000A\000l\000l\000F\000i\000l\000e\000s}{subsection.3.12.2}
\BOOKMARK [3][-]{subsubsection.3.12.2.4}{\376\377\000c\000l\000a\000s\000s\000i\000f\000y}{subsection.3.12.2}
\BOOKMARK [3][-]{subsubsection.3.12.2.5}{\376\377\000c\000l\000a\000s\000s\000i\000f\000y}{subsection.3.12.2}
\BOOKMARK [3][-]{subsubsection.3.12.2.6}{\376\377\000c\000o\000n\000t\000i\000n\000o\000u\000s\000M\000o\000d\000e}{subsection.3.12.2}
\BOOKMARK [3][-]{subsubsection.3.12.2.7}{\376\377\000f\000i\000l\000l\000B\000u\000f\000f\000e\000r}{subsection.3.12.2}
\BOOKMARK [3][-]{subsubsection.3.12.2.8}{\376\377\000g\000o\000t\000E\000n\000e\000r\000g\000y}{subsection.3.12.2}
\BOOKMARK [3][-]{subsubsection.3.12.2.9}{\376\377\000g\000o\000t\000E\000n\000e\000r\000g\000y}{subsection.3.12.2}
\BOOKMARK [3][-]{subsubsection.3.12.2.10}{\376\377\000i\000s\000G\000e\000s\000t\000u\000r\000e\000L\000e\000n\000g\000t\000h\000O\000k}{subsection.3.12.2}
\BOOKMARK [3][-]{subsubsection.3.12.2.11}{\376\377\000i\000s\000S\000e\000n\000s\000o\000r\000T\000r\000a\000i\000n\000e\000d}{subsection.3.12.2}
\BOOKMARK [3][-]{subsubsection.3.12.2.12}{\376\377\000l\000o\000s\000t\000E\000n\000e\000r\000g\000y}{subsection.3.12.2}
\BOOKMARK [3][-]{subsubsection.3.12.2.13}{\376\377\000l\000o\000s\000t\000E\000n\000e\000r\000g\000y}{subsection.3.12.2}
\BOOKMARK [3][-]{subsubsection.3.12.2.14}{\376\377\000m\000a\000n\000a\000g\000e\000G\000e\000s\000t\000u\000r\000e\000s}{subsection.3.12.2}
\BOOKMARK [3][-]{subsubsection.3.12.2.15}{\376\377\000n\000u\000m\000b\000e\000r\000O\000f\000G\000e\000s\000t\000u\000r\000e\000s}{subsection.3.12.2}
\BOOKMARK [3][-]{subsubsection.3.12.2.16}{\376\377\000n\000u\000m\000b\000e\000r\000O\000f\000S\000e\000n\000s\000o\000r\000s}{subsection.3.12.2}
\BOOKMARK [3][-]{subsubsection.3.12.2.17}{\376\377\000r\000e\000e\000n\000t\000e\000r}{subsection.3.12.2}
\BOOKMARK [3][-]{subsubsection.3.12.2.18}{\376\377\000s\000e\000n\000s\000o\000r\000O\000f\000G\000e\000s\000t\000u\000r\000e}{subsection.3.12.2}
\BOOKMARK [3][-]{subsubsection.3.12.2.19}{\376\377\000s\000e\000t\000B\000u\000f\000f\000e\000r\000T\000o\000E\000n\000e\000r\000g\000y\000F\000r\000a\000m\000e\000S\000i\000z\000e}{subsection.3.12.2}
\BOOKMARK [3][-]{subsubsection.3.12.2.20}{\376\377\000s\000e\000t\000B\000u\000f\000f\000e\000r\000T\000o\000E\000n\000e\000r\000g\000y\000F\000r\000a\000m\000e\000S\000i\000z\000e}{subsection.3.12.2}
\BOOKMARK [3][-]{subsubsection.3.12.2.21}{\376\377\000s\000e\000t\000B\000u\000f\000f\000e\000r\000T\000o\000L\000o\000n\000g\000e\000s\000t\000G\000e\000s\000t\000u\000r\000e\000S\000i\000z\000e}{subsection.3.12.2}
\BOOKMARK [3][-]{subsubsection.3.12.2.22}{\376\377\000s\000e\000t\000B\000u\000f\000f\000e\000r\000T\000o\000L\000o\000n\000g\000e\000s\000t\000G\000e\000s\000t\000u\000r\000e\000S\000i\000z\000e}{subsection.3.12.2}
\BOOKMARK [3][-]{subsubsection.3.12.2.23}{\376\377\000s\000e\000t\000B\000u\000f\000f\000e\000r\000U\000n\000l\000i\000m\000i\000t\000e\000d}{subsection.3.12.2}
\BOOKMARK [3][-]{subsubsection.3.12.2.24}{\376\377\000s\000e\000t\000B\000u\000f\000f\000e\000r\000U\000n\000l\000i\000m\000i\000t\000e\000d}{subsection.3.12.2}
\BOOKMARK [3][-]{subsubsection.3.12.2.25}{\376\377\000t\000r\000a\000i\000n\000i\000n\000g}{subsection.3.12.2}
\BOOKMARK [3][-]{subsubsection.3.12.2.26}{\376\377\000u\000p\000d\000a\000t\000e\000B\000u\000f\000f\000e\000r\000s}{subsection.3.12.2}
\BOOKMARK [3][-]{subsubsection.3.12.2.27}{\376\377\000w\000a\000i\000t}{subsection.3.12.2}
\BOOKMARK [1][-]{section.3.13}{\376\377\000H\000e\000l\000p\000e\000r\000\040\000C\000l\000a\000s\000s\000\040\000R\000e\000f\000e\000r\000e\000n\000c\000e}{chapter.3}
\BOOKMARK [2][-]{subsection.3.13.1}{\376\377\000C\000o\000n\000s\000t\000r\000u\000c\000t\000o\000r\000\040\000\046\000\040\000D\000e\000s\000t\000r\000u\000c\000t\000o\000r\000\040\000D\000o\000c\000u\000m\000e\000n\000t\000a\000t\000i\000o\000n}{section.3.13}
\BOOKMARK [3][-]{subsubsection.3.13.1.1}{\376\377\000H\000e\000l\000p\000e\000r}{subsection.3.13.1}
\BOOKMARK [2][-]{subsection.3.13.2}{\376\377\000M\000e\000m\000b\000e\000r\000\040\000F\000u\000n\000c\000t\000i\000o\000n\000\040\000D\000o\000c\000u\000m\000e\000n\000t\000a\000t\000i\000o\000n}{section.3.13}
\BOOKMARK [3][-]{subsubsection.3.13.2.1}{\376\377\000a\000n\000g\000l\000e\000B\000e\000t\000w\000e\000e\000n\000V\000e\000c\000t\000o\000r\000s}{subsection.3.13.2}
\BOOKMARK [3][-]{subsubsection.3.13.2.2}{\376\377\000f\000i\000l\000e\000E\000x\000i\000s\000t\000s}{subsection.3.13.2}
\BOOKMARK [3][-]{subsubsection.3.13.2.3}{\376\377\000g\000e\000t\000c\000h}{subsection.3.13.2}
\BOOKMARK [3][-]{subsubsection.3.13.2.4}{\376\377\000k\000b\000h\000i\000t}{subsection.3.13.2}
\BOOKMARK [3][-]{subsubsection.3.13.2.5}{\376\377\000m\000u\000l\000t\000i\000p\000l\000y}{subsection.3.13.2}
\BOOKMARK [3][-]{subsubsection.3.13.2.6}{\376\377\000n\000o\000r\000m\000a\000l\000i\000z\000e}{subsection.3.13.2}
\BOOKMARK [3][-]{subsubsection.3.13.2.7}{\376\377\000n\000u\000m\0002\000C\000h\000a\000r}{subsection.3.13.2}
\BOOKMARK [3][-]{subsubsection.3.13.2.8}{\376\377\000p\000r\000i\000n\000t\0002\000D\000e\000c\000i\000m\000a\000l\000P\000l\000a\000c\000e\000s}{subsection.3.13.2}
\BOOKMARK [3][-]{subsubsection.3.13.2.9}{\376\377\000r\000e\000s\000t\000a\000r\000t\000u\000S\000e\000c\000o\000n\000d\000s}{subsection.3.13.2}
\BOOKMARK [3][-]{subsubsection.3.13.2.10}{\376\377\000r\000o\000t\000a\000t\000e}{subsection.3.13.2}
\BOOKMARK [3][-]{subsubsection.3.13.2.11}{\376\377\000r\000o\000t\000a\000t\000e}{subsection.3.13.2}
\BOOKMARK [3][-]{subsubsection.3.13.2.12}{\376\377\000r\000o\000t\000a\000t\000e}{subsection.3.13.2}
\BOOKMARK [3][-]{subsubsection.3.13.2.13}{\376\377\000s\000c\000a\000l\000a\000r\000P\000r\000o\000d\000u\000c\000t}{subsection.3.13.2}
\BOOKMARK [3][-]{subsubsection.3.13.2.14}{\376\377\000s\000e\000c\000A\000n\000d\000u\000S\000e\000c}{subsection.3.13.2}
\BOOKMARK [3][-]{subsubsection.3.13.2.15}{\376\377\000s\000e\000c\000o\000n\000d\000s}{subsection.3.13.2}
\BOOKMARK [3][-]{subsubsection.3.13.2.16}{\376\377\000s\000e\000t\000R\000o\000w\000S\000i\000z\000e}{subsection.3.13.2}
\BOOKMARK [3][-]{subsubsection.3.13.2.17}{\376\377\000s\000e\000t\000R\000o\000w\000W\000i\000d\000t\000h}{subsection.3.13.2}
\BOOKMARK [3][-]{subsubsection.3.13.2.18}{\376\377\000s\000p\000e\000c\000i\000a\000l\000S\000l\000e\000e\000p}{subsection.3.13.2}
\BOOKMARK [3][-]{subsubsection.3.13.2.19}{\376\377\000s\000t\000r\0002\000U\000p\000p\000e\000r\000C\000a\000s\000e}{subsection.3.13.2}
\BOOKMARK [3][-]{subsubsection.3.13.2.20}{\376\377\000u\000n\000i\000t\000C\000i\000r\000c\000l\000e\000D\000i\000s\000t\000a\000n\000c\000e}{subsection.3.13.2}
\BOOKMARK [3][-]{subsubsection.3.13.2.21}{\376\377\000u\000n\000i\000t\000C\000i\000r\000c\000l\000e\000P\000o\000i\000n\000t}{subsection.3.13.2}
\BOOKMARK [3][-]{subsubsection.3.13.2.22}{\376\377\000u\000n\000i\000t\000C\000i\000r\000c\000l\000e\000P\000o\000i\000n\000t}{subsection.3.13.2}
\BOOKMARK [3][-]{subsubsection.3.13.2.23}{\376\377\000u\000n\000i\000t\000C\000i\000r\000c\000l\000e\000P\000o\000i\000n\000t}{subsection.3.13.2}
\BOOKMARK [3][-]{subsubsection.3.13.2.24}{\376\377\000u\000S\000e\000c\000o\000n\000d\000s}{subsection.3.13.2}
\BOOKMARK [3][-]{subsubsection.3.13.2.25}{\376\377\000u\000S\000e\000c\000o\000n\000d\000s\000S\000i\000n\000c\000e\000S\000t\000a\000r\000t}{subsection.3.13.2}
\BOOKMARK [3][-]{subsubsection.3.13.2.26}{\376\377\000v\000e\000c\000t\000o\000r\000A\000n\000g\000l\000e\000s}{subsection.3.13.2}
\BOOKMARK [3][-]{subsubsection.3.13.2.27}{\376\377\000v\000e\000c\000t\000o\000r\000A\000n\000g\000l\000e\000s\0002}{subsection.3.13.2}
\BOOKMARK [3][-]{subsubsection.3.13.2.28}{\376\377\000v\000e\000c\000t\000o\000r\000D\000i\000f\000f\000e\000r\000e\000n\000c\000e}{subsection.3.13.2}
\BOOKMARK [3][-]{subsubsection.3.13.2.29}{\376\377\000v\000e\000c\000t\000o\000r\000L\000e\000n\000g\000t\000h}{subsection.3.13.2}
\BOOKMARK [3][-]{subsubsection.3.13.2.30}{\376\377\000v\000e\000c\000t\000o\000r\000P\000r\000o\000d\000u\000c\000t}{subsection.3.13.2}
\BOOKMARK [3][-]{subsubsection.3.13.2.31}{\376\377\000v\000e\000c\000t\000o\000r\000S\000u\000m}{subsection.3.13.2}
\BOOKMARK [1][-]{section.3.14}{\376\377\000I\000n\000t\000D\000a\000t\000a\000\040\000S\000t\000r\000u\000c\000t\000\040\000R\000e\000f\000e\000r\000e\000n\000c\000e}{chapter.3}
\BOOKMARK [1][-]{section.3.15}{\376\377\000I\000n\000t\000S\000o\000u\000r\000c\000e\000\040\000C\000l\000a\000s\000s\000\040\000R\000e\000f\000e\000r\000e\000n\000c\000e}{chapter.3}
\BOOKMARK [2][-]{subsection.3.15.1}{\376\377\000D\000e\000t\000a\000i\000l\000e\000d\000\040\000D\000e\000s\000c\000r\000i\000p\000t\000i\000o\000n}{section.3.15}
\BOOKMARK [2][-]{subsection.3.15.2}{\376\377\000C\000o\000n\000s\000t\000r\000u\000c\000t\000o\000r\000\040\000\046\000\040\000D\000e\000s\000t\000r\000u\000c\000t\000o\000r\000\040\000D\000o\000c\000u\000m\000e\000n\000t\000a\000t\000i\000o\000n}{section.3.15}
\BOOKMARK [3][-]{subsubsection.3.15.2.1}{\376\377\000I\000n\000t\000S\000o\000u\000r\000c\000e}{subsection.3.15.2}
\BOOKMARK [1][-]{section.3.16}{\376\377\000I\000n\000t\000S\000t\000r\000u\000c\000t\000\040\000S\000t\000r\000u\000c\000t\000\040\000R\000e\000f\000e\000r\000e\000n\000c\000e}{chapter.3}
\BOOKMARK [1][-]{section.3.17}{\376\377\000L\000e\000a\000r\000n\000i\000n\000g\000A\000l\000g\000o\000r\000i\000t\000h\000m\000\040\000C\000l\000a\000s\000s\000\040\000R\000e\000f\000e\000r\000e\000n\000c\000e}{chapter.3}
\BOOKMARK [2][-]{subsection.3.17.1}{\376\377\000C\000o\000n\000s\000t\000r\000u\000c\000t\000o\000r\000\040\000\046\000\040\000D\000e\000s\000t\000r\000u\000c\000t\000o\000r\000\040\000D\000o\000c\000u\000m\000e\000n\000t\000a\000t\000i\000o\000n}{section.3.17}
\BOOKMARK [3][-]{subsubsection.3.17.1.1}{\376\377\000L\000e\000a\000r\000n\000i\000n\000g\000A\000l\000g\000o\000r\000i\000t\000h\000m}{subsection.3.17.1}
\BOOKMARK [1][-]{section.3.18}{\376\377\000L\000i\000m\000b\000C\000o\000o\000r\000d\000i\000n\000a\000t\000e\000s\000\040\000S\000t\000r\000u\000c\000t\000\040\000R\000e\000f\000e\000r\000e\000n\000c\000e}{chapter.3}
\BOOKMARK [1][-]{section.3.19}{\376\377\000L\000i\000m\000b\000N\000a\000m\000e\000C\000o\000o\000r\000d\000i\000n\000a\000t\000e\000s\000\040\000S\000t\000r\000u\000c\000t\000\040\000R\000e\000f\000e\000r\000e\000n\000c\000e}{chapter.3}
\BOOKMARK [1][-]{section.3.20}{\376\377\000M\000u\000t\000e\000x\000\040\000C\000l\000a\000s\000s\000\040\000R\000e\000f\000e\000r\000e\000n\000c\000e}{chapter.3}
\BOOKMARK [2][-]{subsection.3.20.1}{\376\377\000D\000e\000t\000a\000i\000l\000e\000d\000\040\000D\000e\000s\000c\000r\000i\000p\000t\000i\000o\000n}{section.3.20}
\BOOKMARK [2][-]{subsection.3.20.2}{\376\377\000C\000o\000n\000s\000t\000r\000u\000c\000t\000o\000r\000\040\000\046\000\040\000D\000e\000s\000t\000r\000u\000c\000t\000o\000r\000\040\000D\000o\000c\000u\000m\000e\000n\000t\000a\000t\000i\000o\000n}{section.3.20}
\BOOKMARK [3][-]{subsubsection.3.20.2.1}{\376\377\000M\000u\000t\000e\000x}{subsection.3.20.2}
\BOOKMARK [3][-]{subsubsection.3.20.2.2}{\376\377\000M\000u\000t\000e\000x}{subsection.3.20.2}
\BOOKMARK [2][-]{subsection.3.20.3}{\376\377\000M\000e\000m\000b\000e\000r\000\040\000F\000u\000n\000c\000t\000i\000o\000n\000\040\000D\000o\000c\000u\000m\000e\000n\000t\000a\000t\000i\000o\000n}{section.3.20}
\BOOKMARK [3][-]{subsubsection.3.20.3.1}{\376\377\000a\000c\000q\000u\000i\000r\000e\000M\000u\000t\000e\000x}{subsection.3.20.3}
\BOOKMARK [3][-]{subsubsection.3.20.3.2}{\376\377\000r\000e\000l\000e\000a\000s\000e\000M\000u\000t\000e\000x}{subsection.3.20.3}
\BOOKMARK [1][-]{section.3.21}{\376\377\000N\000e\000a\000r\000e\000s\000t\000C\000l\000u\000s\000t\000e\000r\000C\000e\000n\000t\000e\000r\000\040\000C\000l\000a\000s\000s\000\040\000R\000e\000f\000e\000r\000e\000n\000c\000e}{chapter.3}
\BOOKMARK [2][-]{subsection.3.21.1}{\376\377\000C\000o\000n\000s\000t\000r\000u\000c\000t\000o\000r\000\040\000\046\000\040\000D\000e\000s\000t\000r\000u\000c\000t\000o\000r\000\040\000D\000o\000c\000u\000m\000e\000n\000t\000a\000t\000i\000o\000n}{section.3.21}
\BOOKMARK [3][-]{subsubsection.3.21.1.1}{\376\377\000N\000e\000a\000r\000e\000s\000t\000C\000l\000u\000s\000t\000e\000r\000C\000e\000n\000t\000e\000r}{subsection.3.21.1}
\BOOKMARK [3][-]{subsubsection.3.21.1.2}{\376\377\000N\000e\000a\000r\000e\000s\000t\000C\000l\000u\000s\000t\000e\000r\000C\000e\000n\000t\000e\000r}{subsection.3.21.1}
\BOOKMARK [3][-]{subsubsection.3.21.1.3}{\376\377\000N\000e\000a\000r\000e\000s\000t\000C\000l\000u\000s\000t\000e\000r\000C\000e\000n\000t\000e\000r}{subsection.3.21.1}
\BOOKMARK [2][-]{subsection.3.21.2}{\376\377\000M\000e\000m\000b\000e\000r\000\040\000F\000u\000n\000c\000t\000i\000o\000n\000\040\000D\000o\000c\000u\000m\000e\000n\000t\000a\000t\000i\000o\000n}{section.3.21}
\BOOKMARK [3][-]{subsubsection.3.21.2.1}{\376\377\000c\000l\000a\000s\000s\000i\000f\000i\000c\000a\000t\000i\000o\000n}{subsection.3.21.2}
\BOOKMARK [3][-]{subsubsection.3.21.2.2}{\376\377\000c\000l\000a\000s\000s\000i\000f\000y}{subsection.3.21.2}
\BOOKMARK [3][-]{subsubsection.3.21.2.3}{\376\377\000g\000e\000t\000U\000n\000k\000n\000o\000w\000n\000T\000h\000r\000e\000s\000h\000o\000l\000d}{subsection.3.21.2}
\BOOKMARK [3][-]{subsubsection.3.21.2.4}{\376\377\000p\000r\000i\000n\000t}{subsection.3.21.2}
\BOOKMARK [3][-]{subsubsection.3.21.2.5}{\376\377\000r\000e\000s\000e\000t}{subsection.3.21.2}
\BOOKMARK [3][-]{subsubsection.3.21.2.6}{\376\377\000s\000e\000t\000U\000n\000k\000n\000o\000w\000n\000T\000h\000r\000e\000s\000h\000o\000l\000d}{subsection.3.21.2}
\BOOKMARK [3][-]{subsubsection.3.21.2.7}{\376\377\000t\000r\000a\000i\000n}{subsection.3.21.2}
\BOOKMARK [1][-]{section.3.22}{\376\377\000N\000e\000i\000g\000h\000b\000o\000u\000r\000\040\000S\000t\000r\000u\000c\000t\000\040\000R\000e\000f\000e\000r\000e\000n\000c\000e}{chapter.3}
\BOOKMARK [1][-]{section.3.23}{\376\377\000N\000o\000d\000e\000A\000n\000d\000D\000a\000t\000a\000\040\000S\000t\000r\000u\000c\000t\000\040\000R\000e\000f\000e\000r\000e\000n\000c\000e}{chapter.3}
\BOOKMARK [1][-]{section.3.24}{\376\377\000N\000o\000d\000e\000D\000a\000t\000a\000\040\000S\000t\000r\000u\000c\000t\000\040\000R\000e\000f\000e\000r\000e\000n\000c\000e}{chapter.3}
\BOOKMARK [1][-]{section.3.25}{\376\377\000O\000u\000t\000p\000u\000t\000\040\000S\000t\000r\000u\000c\000t\000\040\000R\000e\000f\000e\000r\000e\000n\000c\000e}{chapter.3}
\BOOKMARK [1][-]{section.3.26}{\376\377\000R\000e\000p\000e\000r\000c\000u\000s\000s\000i\000o\000n\000\040\000C\000l\000a\000s\000s\000\040\000R\000e\000f\000e\000r\000e\000n\000c\000e}{chapter.3}
\BOOKMARK [2][-]{subsection.3.26.1}{\376\377\000D\000e\000t\000a\000i\000l\000e\000d\000\040\000D\000e\000s\000c\000r\000i\000p\000t\000i\000o\000n}{section.3.26}
\BOOKMARK [2][-]{subsection.3.26.2}{\376\377\000C\000o\000n\000s\000t\000r\000u\000c\000t\000o\000r\000\040\000\046\000\040\000D\000e\000s\000t\000r\000u\000c\000t\000o\000r\000\040\000D\000o\000c\000u\000m\000e\000n\000t\000a\000t\000i\000o\000n}{section.3.26}
\BOOKMARK [3][-]{subsubsection.3.26.2.1}{\376\377\000R\000e\000p\000e\000r\000c\000u\000s\000s\000i\000o\000n}{subsection.3.26.2}
\BOOKMARK [3][-]{subsubsection.3.26.2.2}{\376\377\000R\000e\000p\000e\000r\000c\000u\000s\000s\000i\000o\000n}{subsection.3.26.2}
\BOOKMARK [3][-]{subsubsection.3.26.2.3}{\376\377\000R\000e\000p\000e\000r\000c\000u\000s\000s\000i\000o\000n}{subsection.3.26.2}
\BOOKMARK [2][-]{subsection.3.26.3}{\376\377\000M\000e\000m\000b\000e\000r\000\040\000F\000u\000n\000c\000t\000i\000o\000n\000\040\000D\000o\000c\000u\000m\000e\000n\000t\000a\000t\000i\000o\000n}{section.3.26}
\BOOKMARK [3][-]{subsubsection.3.26.3.1}{\376\377\000a\000c\000t\000i\000v\000a\000t\000e}{subsection.3.26.3}
\BOOKMARK [3][-]{subsubsection.3.26.3.2}{\376\377\000d\000e\000a\000c\000t\000i\000v\000a\000t\000e}{subsection.3.26.3}
\BOOKMARK [3][-]{subsubsection.3.26.3.3}{\376\377\000d\000e\000c}{subsection.3.26.3}
\BOOKMARK [3][-]{subsubsection.3.26.3.4}{\376\377\000d\000e\000c\000A\000l\000l}{subsection.3.26.3}
\BOOKMARK [3][-]{subsubsection.3.26.3.5}{\376\377\000g\000e\000t}{subsection.3.26.3}
\BOOKMARK [3][-]{subsubsection.3.26.3.6}{\376\377\000g\000e\000t\000A\000l\000l}{subsection.3.26.3}
\BOOKMARK [3][-]{subsubsection.3.26.3.7}{\376\377\000i\000n\000c}{subsection.3.26.3}
\BOOKMARK [3][-]{subsubsection.3.26.3.8}{\376\377\000i\000n\000c\000A\000l\000l}{subsection.3.26.3}
\BOOKMARK [3][-]{subsubsection.3.26.3.9}{\376\377\000i\000s\000Z\000e\000r\000o}{subsection.3.26.3}
\BOOKMARK [3][-]{subsubsection.3.26.3.10}{\376\377\000r\000e\000s\000e\000t}{subsection.3.26.3}
\BOOKMARK [3][-]{subsubsection.3.26.3.11}{\376\377\000r\000e\000s\000e\000t\000A\000l\000l}{subsection.3.26.3}
\BOOKMARK [3][-]{subsubsection.3.26.3.12}{\376\377\000s\000e\000t}{subsection.3.26.3}
\BOOKMARK [3][-]{subsubsection.3.26.3.13}{\376\377\000s\000e\000t\000A\000l\000l}{subsection.3.26.3}
\BOOKMARK [3][-]{subsubsection.3.26.3.14}{\376\377\000s\000e\000t\000D\000e\000c\000r\000e\000m\000e\000n\000t}{subsection.3.26.3}
\BOOKMARK [3][-]{subsubsection.3.26.3.15}{\376\377\000s\000e\000t\000D\000e\000l\000a\000y}{subsection.3.26.3}
\BOOKMARK [3][-]{subsubsection.3.26.3.16}{\376\377\000s\000e\000t\000M\000a\000x\000i\000m\000u\000m}{subsection.3.26.3}
\BOOKMARK [3][-]{subsubsection.3.26.3.17}{\376\377\000t\000h\000r\000e\000a\000d\000M\000e\000t\000h\000o\000d}{subsection.3.26.3}
\BOOKMARK [1][-]{section.3.27}{\376\377\000R\000o\000g\000g\000e\000n\000B\000u\000f\000f\000e\000r\000\040\000C\000l\000a\000s\000s\000\040\000R\000e\000f\000e\000r\000e\000n\000c\000e}{chapter.3}
\BOOKMARK [2][-]{subsection.3.27.1}{\376\377\000C\000o\000n\000s\000t\000r\000u\000c\000t\000o\000r\000\040\000\046\000\040\000D\000e\000s\000t\000r\000u\000c\000t\000o\000r\000\040\000D\000o\000c\000u\000m\000e\000n\000t\000a\000t\000i\000o\000n}{section.3.27}
\BOOKMARK [3][-]{subsubsection.3.27.1.1}{\376\377\000R\000o\000g\000g\000e\000n\000B\000u\000f\000f\000e\000r}{subsection.3.27.1}
\BOOKMARK [3][-]{subsubsection.3.27.1.2}{\376\377\000R\000o\000g\000g\000e\000n\000B\000u\000f\000f\000e\000r}{subsection.3.27.1}
\BOOKMARK [3][-]{subsubsection.3.27.1.3}{\376\377\000R\000o\000g\000g\000e\000n\000B\000u\000f\000f\000e\000r}{subsection.3.27.1}
\BOOKMARK [3][-]{subsubsection.3.27.1.4}{\376\377\000R\000o\000g\000g\000e\000n\000B\000u\000f\000f\000e\000r}{subsection.3.27.1}
\BOOKMARK [2][-]{subsection.3.27.2}{\376\377\000M\000e\000m\000b\000e\000r\000\040\000F\000u\000n\000c\000t\000i\000o\000n\000\040\000D\000o\000c\000u\000m\000e\000n\000t\000a\000t\000i\000o\000n}{section.3.27}
\BOOKMARK [3][-]{subsubsection.3.27.2.1}{\376\377\000a\000t}{subsection.3.27.2}
\BOOKMARK [3][-]{subsubsection.3.27.2.2}{\376\377\000c\000h\000e\000c\000k}{subsection.3.27.2}
\BOOKMARK [3][-]{subsubsection.3.27.2.3}{\376\377\000c\000h\000e\000c\000k}{subsection.3.27.2}
\BOOKMARK [3][-]{subsubsection.3.27.2.4}{\376\377\000c\000h\000e\000c\000k\000S\000i\000z\000e}{subsection.3.27.2}
\BOOKMARK [3][-]{subsubsection.3.27.2.5}{\376\377\000c\000h\000e\000c\000k\000S\000i\000z\000e}{subsection.3.27.2}
\BOOKMARK [3][-]{subsubsection.3.27.2.6}{\376\377\000c\000l\000e\000a\000r}{subsection.3.27.2}
\BOOKMARK [3][-]{subsubsection.3.27.2.7}{\376\377\000f\000i\000l\000t\000e\000r}{subsection.3.27.2}
\BOOKMARK [3][-]{subsubsection.3.27.2.8}{\376\377\000f\000i\000l\000t\000e\000r}{subsection.3.27.2}
\BOOKMARK [3][-]{subsubsection.3.27.2.9}{\376\377\000f\000i\000l\000t\000e\000r\000P\000u\000t}{subsection.3.27.2}
\BOOKMARK [3][-]{subsubsection.3.27.2.10}{\376\377\000f\000i\000l\000t\000e\000r\000P\000u\000t}{subsection.3.27.2}
\BOOKMARK [3][-]{subsubsection.3.27.2.11}{\376\377\000g\000e\000t}{subsection.3.27.2}
\BOOKMARK [3][-]{subsubsection.3.27.2.12}{\376\377\000g\000e\000t\000F\000r\000a\000m\000e\000s}{subsection.3.27.2}
\BOOKMARK [3][-]{subsubsection.3.27.2.13}{\376\377\000g\000e\000t\000L\000a\000s\000t}{subsection.3.27.2}
\BOOKMARK [3][-]{subsubsection.3.27.2.14}{\376\377\000g\000e\000t\000P\000o\000i\000n\000t\000e\000r}{subsection.3.27.2}
\BOOKMARK [3][-]{subsubsection.3.27.2.15}{\376\377\000g\000e\000t\000R\000a\000n\000g\000e}{subsection.3.27.2}
\BOOKMARK [3][-]{subsubsection.3.27.2.16}{\376\377\000g\000e\000t\000S\000i\000n\000g\000l\000e\000M\000e\000a\000s\000u\000r\000e\000m\000e\000n\000t}{subsection.3.27.2}
\BOOKMARK [3][-]{subsubsection.3.27.2.17}{\376\377\000i\000s\000F\000r\000e\000s\000h}{subsection.3.27.2}
\BOOKMARK [3][-]{subsubsection.3.27.2.18}{\376\377\000i\000s\000F\000u\000l\000l}{subsection.3.27.2}
\BOOKMARK [3][-]{subsubsection.3.27.2.19}{\376\377\000m\000a\000x\000S\000i\000z\000e}{subsection.3.27.2}
\BOOKMARK [3][-]{subsubsection.3.27.2.20}{\376\377\000r\000e\000s\000e\000t\000U\000n\000l\000i\000m\000i\000t\000e\000d}{subsection.3.27.2}
\BOOKMARK [3][-]{subsubsection.3.27.2.21}{\376\377\000s\000e\000t\000L\000e\000n\000g\000t\000h}{subsection.3.27.2}
\BOOKMARK [3][-]{subsubsection.3.27.2.22}{\376\377\000s\000e\000t\000U\000n\000l\000i\000m\000i\000t\000e\000d}{subsection.3.27.2}
\BOOKMARK [3][-]{subsubsection.3.27.2.23}{\376\377\000s\000e\000t\000U\000n\000l\000i\000m\000i\000t\000e\000d}{subsection.3.27.2}
\BOOKMARK [3][-]{subsubsection.3.27.2.24}{\376\377\000s\000i\000z\000e}{subsection.3.27.2}
\BOOKMARK [1][-]{section.3.28}{\376\377\000R\000o\000g\000g\000e\000n\000D\000a\000t\000a\000E\000x\000t\000e\000n\000s\000i\000o\000n\000\040\000C\000l\000a\000s\000s\000\040\000R\000e\000f\000e\000r\000e\000n\000c\000e}{chapter.3}
\BOOKMARK [2][-]{subsection.3.28.1}{\376\377\000D\000e\000t\000a\000i\000l\000e\000d\000\040\000D\000e\000s\000c\000r\000i\000p\000t\000i\000o\000n}{section.3.28}
\BOOKMARK [2][-]{subsection.3.28.2}{\376\377\000C\000o\000n\000s\000t\000r\000u\000c\000t\000o\000r\000\040\000\046\000\040\000D\000e\000s\000t\000r\000u\000c\000t\000o\000r\000\040\000D\000o\000c\000u\000m\000e\000n\000t\000a\000t\000i\000o\000n}{section.3.28}
\BOOKMARK [3][-]{subsubsection.3.28.2.1}{\376\377\000R\000o\000g\000g\000e\000n\000D\000a\000t\000a\000E\000x\000t\000e\000n\000s\000i\000o\000n}{subsection.3.28.2}
\BOOKMARK [3][-]{subsubsection.3.28.2.2}{\376\377\000R\000o\000g\000g\000e\000n\000D\000a\000t\000a\000E\000x\000t\000e\000n\000s\000i\000o\000n}{subsection.3.28.2}
\BOOKMARK [2][-]{subsection.3.28.3}{\376\377\000M\000e\000m\000b\000e\000r\000\040\000F\000u\000n\000c\000t\000i\000o\000n\000\040\000D\000o\000c\000u\000m\000e\000n\000t\000a\000t\000i\000o\000n}{section.3.28}
\BOOKMARK [3][-]{subsubsection.3.28.3.1}{\376\377\000g\000e\000t\000D\000a\000t\000a}{subsection.3.28.3}
\BOOKMARK [1][-]{section.3.29}{\376\377\000R\000o\000g\000g\000e\000n\000F\000e\000a\000t\000u\000r\000e\000E\000x\000t\000r\000a\000c\000t\000i\000o\000n\000\040\000C\000l\000a\000s\000s\000\040\000R\000e\000f\000e\000r\000e\000n\000c\000e}{chapter.3}
\BOOKMARK [2][-]{subsection.3.29.1}{\376\377\000D\000e\000t\000a\000i\000l\000e\000d\000\040\000D\000e\000s\000c\000r\000i\000p\000t\000i\000o\000n}{section.3.29}
\BOOKMARK [2][-]{subsection.3.29.2}{\376\377\000C\000o\000n\000s\000t\000r\000u\000c\000t\000o\000r\000\040\000\046\000\040\000D\000e\000s\000t\000r\000u\000c\000t\000o\000r\000\040\000D\000o\000c\000u\000m\000e\000n\000t\000a\000t\000i\000o\000n}{section.3.29}
\BOOKMARK [3][-]{subsubsection.3.29.2.1}{\376\377\000R\000o\000g\000g\000e\000n\000F\000e\000a\000t\000u\000r\000e\000E\000x\000t\000r\000a\000c\000t\000i\000o\000n}{subsection.3.29.2}
\BOOKMARK [3][-]{subsubsection.3.29.2.2}{\376\377\000R\000o\000g\000g\000e\000n\000F\000e\000a\000t\000u\000r\000e\000E\000x\000t\000r\000a\000c\000t\000i\000o\000n}{subsection.3.29.2}
\BOOKMARK [2][-]{subsection.3.29.3}{\376\377\000M\000e\000m\000b\000e\000r\000\040\000F\000u\000n\000c\000t\000i\000o\000n\000\040\000D\000o\000c\000u\000m\000e\000n\000t\000a\000t\000i\000o\000n}{section.3.29}
\BOOKMARK [3][-]{subsubsection.3.29.3.1}{\376\377\000g\000e\000t\000M\000e\000a\000n}{subsection.3.29.3}
\BOOKMARK [3][-]{subsubsection.3.29.3.2}{\376\377\000g\000e\000t\000M\000e\000a\000n}{subsection.3.29.3}
\BOOKMARK [3][-]{subsubsection.3.29.3.3}{\376\377\000g\000e\000t\000M\000e\000a\000n\000C\000r\000o\000s\000s\000i\000n\000g\000R\000a\000t\000e}{subsection.3.29.3}
\BOOKMARK [3][-]{subsubsection.3.29.3.4}{\376\377\000g\000e\000t\000M\000e\000a\000n\000C\000r\000o\000s\000s\000i\000n\000g\000R\000a\000t\000e}{subsection.3.29.3}
\BOOKMARK [3][-]{subsubsection.3.29.3.5}{\376\377\000g\000e\000t\000M\000e\000a\000n\000C\000r\000o\000s\000s\000i\000n\000g\000R\000a\000t\000e}{subsection.3.29.3}
\BOOKMARK [3][-]{subsubsection.3.29.3.6}{\376\377\000g\000e\000t\000M\000e\000a\000n\000C\000r\000o\000s\000s\000i\000n\000g\000R\000a\000t\000e}{subsection.3.29.3}
\BOOKMARK [3][-]{subsubsection.3.29.3.7}{\376\377\000g\000e\000t\000S\000t\000a\000n\000d\000a\000r\000d\000D\000e\000v\000i\000a\000t\000i\000o\000n}{subsection.3.29.3}
\BOOKMARK [3][-]{subsubsection.3.29.3.8}{\376\377\000g\000e\000t\000S\000t\000a\000n\000d\000a\000r\000d\000D\000e\000v\000i\000a\000t\000i\000o\000n}{subsection.3.29.3}
\BOOKMARK [3][-]{subsubsection.3.29.3.9}{\376\377\000g\000e\000t\000S\000t\000a\000n\000d\000a\000r\000d\000D\000e\000v\000i\000a\000t\000i\000o\000n}{subsection.3.29.3}
\BOOKMARK [3][-]{subsubsection.3.29.3.10}{\376\377\000g\000e\000t\000S\000t\000a\000n\000d\000a\000r\000d\000D\000e\000v\000i\000a\000t\000i\000o\000n}{subsection.3.29.3}
\BOOKMARK [3][-]{subsubsection.3.29.3.11}{\376\377\000g\000e\000t\000V\000a\000r\000i\000a\000n\000c\000e}{subsection.3.29.3}
\BOOKMARK [3][-]{subsubsection.3.29.3.12}{\376\377\000g\000e\000t\000V\000a\000r\000i\000a\000n\000c\000e}{subsection.3.29.3}
\BOOKMARK [3][-]{subsubsection.3.29.3.13}{\376\377\000g\000e\000t\000V\000a\000r\000i\000a\000n\000c\000e}{subsection.3.29.3}
\BOOKMARK [3][-]{subsubsection.3.29.3.14}{\376\377\000g\000e\000t\000V\000a\000r\000i\000a\000n\000c\000e}{subsection.3.29.3}
\BOOKMARK [3][-]{subsubsection.3.29.3.15}{\376\377\000g\000o\000t\000E\000n\000e\000r\000g\000y}{subsection.3.29.3}
\BOOKMARK [3][-]{subsubsection.3.29.3.16}{\376\377\000g\000o\000t\000E\000n\000e\000r\000g\000y}{subsection.3.29.3}
\BOOKMARK [3][-]{subsubsection.3.29.3.17}{\376\377\000g\000o\000t\000E\000n\000e\000r\000g\000y}{subsection.3.29.3}
\BOOKMARK [3][-]{subsubsection.3.29.3.18}{\376\377\000g\000o\000t\000E\000n\000e\000r\000g\000y}{subsection.3.29.3}
\BOOKMARK [3][-]{subsubsection.3.29.3.19}{\376\377\000l\000o\000s\000t\000E\000n\000e\000r\000g\000y}{subsection.3.29.3}
\BOOKMARK [3][-]{subsubsection.3.29.3.20}{\376\377\000l\000o\000s\000t\000E\000n\000e\000r\000g\000y}{subsection.3.29.3}
\BOOKMARK [3][-]{subsubsection.3.29.3.21}{\376\377\000l\000o\000s\000t\000E\000n\000e\000r\000g\000y}{subsection.3.29.3}
\BOOKMARK [3][-]{subsubsection.3.29.3.22}{\376\377\000l\000o\000s\000t\000E\000n\000e\000r\000g\000y}{subsection.3.29.3}
\BOOKMARK [1][-]{section.3.30}{\376\377\000R\000o\000g\000g\000e\000n\000S\000e\000n\000s\000o\000r\000\040\000C\000l\000a\000s\000s\000\040\000R\000e\000f\000e\000r\000e\000n\000c\000e}{chapter.3}
\BOOKMARK [2][-]{subsection.3.30.1}{\376\377\000C\000o\000n\000s\000t\000r\000u\000c\000t\000o\000r\000\040\000\046\000\040\000D\000e\000s\000t\000r\000u\000c\000t\000o\000r\000\040\000D\000o\000c\000u\000m\000e\000n\000t\000a\000t\000i\000o\000n}{section.3.30}
\BOOKMARK [3][-]{subsubsection.3.30.1.1}{\376\377\000R\000o\000g\000g\000e\000n\000S\000e\000n\000s\000o\000r}{subsection.3.30.1}
\BOOKMARK [3][-]{subsubsection.3.30.1.2}{\376\377\000R\000o\000g\000g\000e\000n\000S\000e\000n\000s\000o\000r}{subsection.3.30.1}
\BOOKMARK [3][-]{subsubsection.3.30.1.3}{\376\377\000R\000o\000g\000g\000e\000n\000S\000e\000n\000s\000o\000r}{subsection.3.30.1}
\BOOKMARK [2][-]{subsection.3.30.2}{\376\377\000M\000e\000m\000b\000e\000r\000\040\000F\000u\000n\000c\000t\000i\000o\000n\000\040\000D\000o\000c\000u\000m\000e\000n\000t\000a\000t\000i\000o\000n}{section.3.30}
\BOOKMARK [3][-]{subsubsection.3.30.2.1}{\376\377\000g\000e\000t\000D\000a\000t\000a}{subsection.3.30.2}
\BOOKMARK [1][-]{section.3.31}{\376\377\000R\000o\000g\000g\000e\000n\000S\000e\000n\000s\000o\000r\000F\000u\000s\000i\000o\000n\000\040\000C\000l\000a\000s\000s\000\040\000R\000e\000f\000e\000r\000e\000n\000c\000e}{chapter.3}
\BOOKMARK [2][-]{subsection.3.31.1}{\376\377\000D\000e\000t\000a\000i\000l\000e\000d\000\040\000D\000e\000s\000c\000r\000i\000p\000t\000i\000o\000n}{section.3.31}
\BOOKMARK [2][-]{subsection.3.31.2}{\376\377\000C\000o\000n\000s\000t\000r\000u\000c\000t\000o\000r\000\040\000\046\000\040\000D\000e\000s\000t\000r\000u\000c\000t\000o\000r\000\040\000D\000o\000c\000u\000m\000e\000n\000t\000a\000t\000i\000o\000n}{section.3.31}
\BOOKMARK [3][-]{subsubsection.3.31.2.1}{\376\377\000R\000o\000g\000g\000e\000n\000S\000e\000n\000s\000o\000r\000F\000u\000s\000i\000o\000n}{subsection.3.31.2}
\BOOKMARK [2][-]{subsection.3.31.3}{\376\377\000M\000e\000m\000b\000e\000r\000\040\000F\000u\000n\000c\000t\000i\000o\000n\000\040\000D\000o\000c\000u\000m\000e\000n\000t\000a\000t\000i\000o\000n}{section.3.31}
\BOOKMARK [3][-]{subsubsection.3.31.3.1}{\376\377\000g\000e\000t\000D\000a\000t\000a}{subsection.3.31.3}
\BOOKMARK [3][-]{subsubsection.3.31.3.2}{\376\377\000t\000h\000r\000e\000a\000d\000M\000e\000t\000h\000o\000d}{subsection.3.31.3}
\BOOKMARK [1][-]{section.3.32}{\376\377\000S\000a\000m\000p\000l\000e\000\040\000S\000t\000r\000u\000c\000t\000\040\000R\000e\000f\000e\000r\000e\000n\000c\000e}{chapter.3}
\BOOKMARK [1][-]{section.3.33}{\376\377\000T\000h\000r\000e\000a\000d\000\040\000C\000l\000a\000s\000s\000\040\000R\000e\000f\000e\000r\000e\000n\000c\000e}{chapter.3}
\BOOKMARK [2][-]{subsection.3.33.1}{\376\377\000D\000e\000t\000a\000i\000l\000e\000d\000\040\000D\000e\000s\000c\000r\000i\000p\000t\000i\000o\000n}{section.3.33}
\BOOKMARK [2][-]{subsection.3.33.2}{\376\377\000C\000o\000n\000s\000t\000r\000u\000c\000t\000o\000r\000\040\000\046\000\040\000D\000e\000s\000t\000r\000u\000c\000t\000o\000r\000\040\000D\000o\000c\000u\000m\000e\000n\000t\000a\000t\000i\000o\000n}{section.3.33}
\BOOKMARK [3][-]{subsubsection.3.33.2.1}{\376\377\000T\000h\000r\000e\000a\000d}{subsection.3.33.2}
\BOOKMARK [3][-]{subsubsection.3.33.2.2}{\376\377\000T\000h\000r\000e\000a\000d}{subsection.3.33.2}
\BOOKMARK [3][-]{subsubsection.3.33.2.3}{\376\377\000T\000h\000r\000e\000a\000d}{subsection.3.33.2}
\BOOKMARK [3][-]{subsubsection.3.33.2.4}{\376\377\000T\000h\000r\000e\000a\000d}{subsection.3.33.2}
\BOOKMARK [3][-]{subsubsection.3.33.2.5}{\376\377\000T\000h\000r\000e\000a\000d}{subsection.3.33.2}
\BOOKMARK [2][-]{subsection.3.33.3}{\376\377\000M\000e\000m\000b\000e\000r\000\040\000F\000u\000n\000c\000t\000i\000o\000n\000\040\000D\000o\000c\000u\000m\000e\000n\000t\000a\000t\000i\000o\000n}{section.3.33}
\BOOKMARK [3][-]{subsubsection.3.33.3.1}{\376\377\000s\000e\000t\000T\000h\000r\000e\000a\000d\000M\000e\000t\000h\000o\000d}{subsection.3.33.3}
\BOOKMARK [3][-]{subsubsection.3.33.3.2}{\376\377\000s\000t\000a\000r\000t\000T\000h\000r\000e\000a\000d}{subsection.3.33.3}
\BOOKMARK [3][-]{subsubsection.3.33.3.3}{\376\377\000s\000t\000o\000p\000p\000e\000d}{subsection.3.33.3}
\BOOKMARK [3][-]{subsubsection.3.33.3.4}{\376\377\000s\000t\000o\000p\000T\000h\000r\000e\000a\000d}{subsection.3.33.3}
\BOOKMARK [3][-]{subsubsection.3.33.3.5}{\376\377\000t\000h\000r\000e\000a\000d\000M\000e\000t\000h\000o\000d}{subsection.3.33.3}
\BOOKMARK [1][-]{section.3.34}{\376\377\000T\000u\000x\000C\000o\000n\000t\000r\000o\000l\000\040\000C\000l\000a\000s\000s\000\040\000R\000e\000f\000e\000r\000e\000n\000c\000e}{chapter.3}
\BOOKMARK [2][-]{subsection.3.34.1}{\376\377\000C\000o\000n\000s\000t\000r\000u\000c\000t\000o\000r\000\040\000\046\000\040\000D\000e\000s\000t\000r\000u\000c\000t\000o\000r\000\040\000D\000o\000c\000u\000m\000e\000n\000t\000a\000t\000i\000o\000n}{section.3.34}
\BOOKMARK [3][-]{subsubsection.3.34.1.1}{\376\377\000T\000u\000x\000C\000o\000n\000t\000r\000o\000l}{subsection.3.34.1}
\BOOKMARK [3][-]{subsubsection.3.34.1.2}{\376\377\000T\000u\000x\000C\000o\000n\000t\000r\000o\000l}{subsection.3.34.1}
\BOOKMARK [2][-]{subsection.3.34.2}{\376\377\000M\000e\000m\000b\000e\000r\000\040\000F\000u\000n\000c\000t\000i\000o\000n\000\040\000D\000o\000c\000u\000m\000e\000n\000t\000a\000t\000i\000o\000n}{section.3.34}
\BOOKMARK [3][-]{subsubsection.3.34.2.1}{\376\377\000a\000d\000d\000C\000o\000n\000t\000r\000o\000l\000E\000v\000e\000n\000t}{subsection.3.34.2}
\BOOKMARK [3][-]{subsubsection.3.34.2.2}{\376\377\000c\000l\000e\000a\000r\000Q\000u\000e\000u\000e}{subsection.3.34.2}
\BOOKMARK [3][-]{subsubsection.3.34.2.3}{\376\377\000g\000e\000t\000C\000o\000n\000t\000r\000o\000l\000E\000v\000e\000n\000t}{subsection.3.34.2}
\BOOKMARK [3][-]{subsubsection.3.34.2.4}{\376\377\000g\000e\000t\000E\000v\000e\000n\000t\000Q\000u\000e\000u\000e\000L\000e\000n\000g\000t\000h}{subsection.3.34.2}
\BOOKMARK [3][-]{subsubsection.3.34.2.5}{\376\377\000i\000n\000v\000a\000l\000i\000d\000a\000t\000e\000C\000o\000n\000t\000r\000o\000l\000E\000v\000e\000n\000t}{subsection.3.34.2}
\BOOKMARK [3][-]{subsubsection.3.34.2.6}{\376\377\000r\000e\000m\000o\000v\000e\000C\000o\000n\000t\000r\000o\000l\000E\000v\000e\000n\000t}{subsection.3.34.2}
\BOOKMARK [3][-]{subsubsection.3.34.2.7}{\376\377\000s\000e\000t\000C\000o\000n\000t\000r\000o\000l\000E\000v\000e\000n\000t}{subsection.3.34.2}
\BOOKMARK [3][-]{subsubsection.3.34.2.8}{\376\377\000v\000a\000l\000i\000d\000a\000t\000e\000C\000o\000n\000t\000r\000o\000l\000E\000v\000e\000n\000t}{subsection.3.34.2}
\BOOKMARK [1][-]{section.3.35}{\376\377\000T\000u\000x\000C\000o\000n\000t\000r\000o\000l\000S\000i\000n\000g\000l\000e\000t\000o\000n\000\040\000C\000l\000a\000s\000s\000\040\000R\000e\000f\000e\000r\000e\000n\000c\000e}{chapter.3}
\BOOKMARK [2][-]{subsection.3.35.1}{\376\377\000D\000e\000t\000a\000i\000l\000e\000d\000\040\000D\000e\000s\000c\000r\000i\000p\000t\000i\000o\000n}{section.3.35}
\BOOKMARK [2][-]{subsection.3.35.2}{\376\377\000M\000e\000m\000b\000e\000r\000\040\000F\000u\000n\000c\000t\000i\000o\000n\000\040\000D\000o\000c\000u\000m\000e\000n\000t\000a\000t\000i\000o\000n}{section.3.35}
\BOOKMARK [3][-]{subsubsection.3.35.2.1}{\376\377\000g\000e\000t\000I\000n\000s\000t\000a\000n\000c\000e}{subsection.3.35.2}
\BOOKMARK [1][-]{section.3.36}{\376\377\000X\000m\000l\000F\000i\000l\000e\000H\000a\000n\000d\000l\000i\000n\000g\000\040\000C\000l\000a\000s\000s\000\040\000R\000e\000f\000e\000r\000e\000n\000c\000e}{chapter.3}
